  [1m[35m (4.2ms)[0m  [1m[34mSELECT sqlite_version(*)[0m
  [1m[35m (26.6ms)[0m  [1m[35mCREATE TABLE "schema_migrations" ("version" varchar NOT NULL PRIMARY KEY)[0m
  [1m[35m (2.0ms)[0m  [1m[35mCREATE TABLE "ar_internal_metadata" ("key" varchar NOT NULL PRIMARY KEY, "value" varchar, "created_at" datetime(6) NOT NULL, "updated_at" datetime(6) NOT NULL)[0m
  [1m[35m (0.3ms)[0m  [1m[34mSELECT "schema_migrations"."version" FROM "schema_migrations" ORDER BY "schema_migrations"."version" ASC[0m
Migrating to CreateUsers (20200707002048)
  [1m[35m (0.1ms)[0m  [1m[36mbegin transaction[0m
  [1m[35m (0.8ms)[0m  [1m[35mCREATE TABLE "users" ("id" integer PRIMARY KEY AUTOINCREMENT NOT NULL, "name" varchar, "age" integer, "img_url" varchar, "email_address" varchar, "created_at" datetime(6) NOT NULL, "updated_at" datetime(6) NOT NULL)[0m
  [1m[36mprimary::SchemaMigration Create (0.4ms)[0m  [1m[32mINSERT INTO "schema_migrations" ("version") VALUES (?)[0m  [["version", "20200707002048"]]
  [1m[35m (10.8ms)[0m  [1m[36mcommit transaction[0m
Migrating to CreateHabits (20200707002108)
  [1m[35m (0.1ms)[0m  [1m[36mbegin transaction[0m
  [1m[35m (1.1ms)[0m  [1m[35mCREATE TABLE "habits" ("id" integer PRIMARY KEY AUTOINCREMENT NOT NULL, "name" varchar, "description" varchar, "created_at" datetime(6) NOT NULL, "updated_at" datetime(6) NOT NULL)[0m
  [1m[36mprimary::SchemaMigration Create (0.2ms)[0m  [1m[32mINSERT INTO "schema_migrations" ("version") VALUES (?)[0m  [["version", "20200707002108"]]
  [1m[35m (1.5ms)[0m  [1m[36mcommit transaction[0m
Migrating to CreateUserHabits (20200707002159)
  [1m[35m (0.2ms)[0m  [1m[36mbegin transaction[0m
  [1m[35m (1.2ms)[0m  [1m[35mCREATE TABLE "user_habits" ("id" integer PRIMARY KEY AUTOINCREMENT NOT NULL, "user_id" varchar, "habit_id" varchar, "straight_days" varchar, "created_at" datetime(6) NOT NULL, "updated_at" datetime(6) NOT NULL)[0m
  [1m[36mprimary::SchemaMigration Create (0.3ms)[0m  [1m[32mINSERT INTO "schema_migrations" ("version") VALUES (?)[0m  [["version", "20200707002159"]]
  [1m[35m (3.3ms)[0m  [1m[36mcommit transaction[0m
  [1m[36mActiveRecord::InternalMetadata Load (0.3ms)[0m  [1m[34mSELECT "ar_internal_metadata".* FROM "ar_internal_metadata" WHERE "ar_internal_metadata"."key" = ? LIMIT ?[0m  [["key", "environment"], ["LIMIT", 1]]
  [1m[35m (0.1ms)[0m  [1m[36mbegin transaction[0m
  [1m[36mActiveRecord::InternalMetadata Create (0.6ms)[0m  [1m[32mINSERT INTO "ar_internal_metadata" ("key", "value", "created_at", "updated_at") VALUES (?, ?, ?, ?)[0m  [["key", "environment"], ["value", "development"], ["created_at", "2020-07-07 14:23:54.182709"], ["updated_at", "2020-07-07 14:23:54.182709"]]
  [1m[35m (1.4ms)[0m  [1m[36mcommit transaction[0m
  [1m[35m (0.1ms)[0m  [1m[34mSELECT sqlite_version(*)[0m
  [1m[35m (0.3ms)[0m  [1m[34mSELECT "schema_migrations"."version" FROM "schema_migrations" ORDER BY "schema_migrations"."version" ASC[0m
  [1m[35m (1.5ms)[0m  [1m[34mSELECT sqlite_version(*)[0m
  [1m[35m (0.3ms)[0m  [1m[34mSELECT "schema_migrations"."version" FROM "schema_migrations" ORDER BY "schema_migrations"."version" ASC[0m
  [1m[35m (0.1ms)[0m  [1m[34mSELECT sqlite_version(*)[0m
  [1m[36mUser Load (0.2ms)[0m  [1m[34mSELECT "users".* FROM "users"[0m
  [1m[36mHabit Load (0.2ms)[0m  [1m[34mSELECT "habits".* FROM "habits"[0m
  [1m[36mUserHabit Load (0.4ms)[0m  [1m[34mSELECT "user_habits".* FROM "user_habits"[0m
  [1m[35m (0.1ms)[0m  [1m[36mbegin transaction[0m
  [1m[36mUser Create (0.6ms)[0m  [1m[32mINSERT INTO "users" ("name", "age", "img_url", "email_address", "created_at", "updated_at") VALUES (?, ?, ?, ?, ?, ?)[0m  [["name", "Emilio"], ["age", 22], ["img_url", "www.nicepicture.com/1"], ["email_address", "emilioquintana90@gmail.com"], ["created_at", "2020-07-07 14:24:03.690818"], ["updated_at", "2020-07-07 14:24:03.690818"]]
  [1m[35m (1.8ms)[0m  [1m[36mcommit transaction[0m
  [1m[35m (0.1ms)[0m  [1m[36mbegin transaction[0m
  [1m[36mHabit Create (0.5ms)[0m  [1m[32mINSERT INTO "habits" ("name", "description", "created_at", "updated_at") VALUES (?, ?, ?, ?)[0m  [["name", "Meditation"], ["description", "A nice habit!"], ["created_at", "2020-07-07 14:24:03.707007"], ["updated_at", "2020-07-07 14:24:03.707007"]]
  [1m[35m (2.8ms)[0m  [1m[36mcommit transaction[0m
  [1m[36mUser Load (0.3ms)[0m  [1m[34mSELECT "users".* FROM "users" ORDER BY "users"."id" ASC LIMIT ?[0m  [["LIMIT", 1]]
  [1m[36mHabit Load (0.2ms)[0m  [1m[34mSELECT "habits".* FROM "habits" ORDER BY "habits"."id" DESC LIMIT ?[0m  [["LIMIT", 1]]
  [1m[35m (0.1ms)[0m  [1m[36mbegin transaction[0m
  [1m[36mUser Load (0.3ms)[0m  [1m[34mSELECT "users".* FROM "users" WHERE "users"."id" = ? LIMIT ?[0m  [["id", 1], ["LIMIT", 1]]
  [1m[36mHabit Load (0.3ms)[0m  [1m[34mSELECT "habits".* FROM "habits" WHERE "habits"."id" = ? LIMIT ?[0m  [["id", 1], ["LIMIT", 1]]
  [1m[36mUserHabit Create (1.4ms)[0m  [1m[32mINSERT INTO "user_habits" ("user_id", "habit_id", "straight_days", "created_at", "updated_at") VALUES (?, ?, ?, ?, ?)[0m  [["user_id", "1"], ["habit_id", "1"], ["straight_days", "0"], ["created_at", "2020-07-07 14:24:03.782568"], ["updated_at", "2020-07-07 14:24:03.782568"]]
  [1m[35m (2.1ms)[0m  [1m[36mcommit transaction[0m
  [1m[35m (0.1ms)[0m  [1m[36mbegin transaction[0m
  [1m[36mHabit Create (0.9ms)[0m  [1m[32mINSERT INTO "habits" ("name", "description", "created_at", "updated_at") VALUES (?, ?, ?, ?)[0m  [["name", "Fasting"], ["description", "A nice habit!"], ["created_at", "2020-07-07 14:24:03.789665"], ["updated_at", "2020-07-07 14:24:03.789665"]]
  [1m[35m (1.9ms)[0m  [1m[36mcommit transaction[0m
  [1m[36mUser Load (0.5ms)[0m  [1m[34mSELECT "users".* FROM "users" ORDER BY "users"."id" ASC LIMIT ?[0m  [["LIMIT", 1]]
  [1m[36mHabit Load (0.3ms)[0m  [1m[34mSELECT "habits".* FROM "habits" ORDER BY "habits"."id" DESC LIMIT ?[0m  [["LIMIT", 1]]
  [1m[35m (0.1ms)[0m  [1m[36mbegin transaction[0m
  [1m[36mUser Load (0.1ms)[0m  [1m[34mSELECT "users".* FROM "users" WHERE "users"."id" = ? LIMIT ?[0m  [["id", 1], ["LIMIT", 1]]
  [1m[36mHabit Load (0.1ms)[0m  [1m[34mSELECT "habits".* FROM "habits" WHERE "habits"."id" = ? LIMIT ?[0m  [["id", 2], ["LIMIT", 1]]
  [1m[36mUserHabit Create (0.4ms)[0m  [1m[32mINSERT INTO "user_habits" ("user_id", "habit_id", "straight_days", "created_at", "updated_at") VALUES (?, ?, ?, ?, ?)[0m  [["user_id", "1"], ["habit_id", "2"], ["straight_days", "0"], ["created_at", "2020-07-07 14:24:03.816860"], ["updated_at", "2020-07-07 14:24:03.816860"]]
  [1m[35m (2.1ms)[0m  [1m[36mcommit transaction[0m
  [1m[35m (0.1ms)[0m  [1m[36mbegin transaction[0m
  [1m[36mHabit Create (0.4ms)[0m  [1m[32mINSERT INTO "habits" ("name", "description", "created_at", "updated_at") VALUES (?, ?, ?, ?)[0m  [["name", "Workout"], ["description", "A nice habit!"], ["created_at", "2020-07-07 14:24:03.823223"], ["updated_at", "2020-07-07 14:24:03.823223"]]
  [1m[35m (2.0ms)[0m  [1m[36mcommit transaction[0m
  [1m[36mUser Load (0.2ms)[0m  [1m[34mSELECT "users".* FROM "users" ORDER BY "users"."id" ASC LIMIT ?[0m  [["LIMIT", 1]]
  [1m[36mHabit Load (0.1ms)[0m  [1m[34mSELECT "habits".* FROM "habits" ORDER BY "habits"."id" DESC LIMIT ?[0m  [["LIMIT", 1]]
  [1m[35m (0.1ms)[0m  [1m[36mbegin transaction[0m
  [1m[36mUser Load (0.2ms)[0m  [1m[34mSELECT "users".* FROM "users" WHERE "users"."id" = ? LIMIT ?[0m  [["id", 1], ["LIMIT", 1]]
  [1m[36mHabit Load (0.1ms)[0m  [1m[34mSELECT "habits".* FROM "habits" WHERE "habits"."id" = ? LIMIT ?[0m  [["id", 3], ["LIMIT", 1]]
  [1m[36mUserHabit Create (0.4ms)[0m  [1m[32mINSERT INTO "user_habits" ("user_id", "habit_id", "straight_days", "created_at", "updated_at") VALUES (?, ?, ?, ?, ?)[0m  [["user_id", "1"], ["habit_id", "3"], ["straight_days", "0"], ["created_at", "2020-07-07 14:24:03.841241"], ["updated_at", "2020-07-07 14:24:03.841241"]]
  [1m[35m (2.0ms)[0m  [1m[36mcommit transaction[0m
  [1m[35m (0.1ms)[0m  [1m[36mbegin transaction[0m
  [1m[36mHabit Create (0.4ms)[0m  [1m[32mINSERT INTO "habits" ("name", "description", "created_at", "updated_at") VALUES (?, ?, ?, ?)[0m  [["name", "Mandarin"], ["description", "A nice habit!"], ["created_at", "2020-07-07 14:24:03.846966"], ["updated_at", "2020-07-07 14:24:03.846966"]]
  [1m[35m (2.2ms)[0m  [1m[36mcommit transaction[0m
  [1m[36mUser Load (0.3ms)[0m  [1m[34mSELECT "users".* FROM "users" ORDER BY "users"."id" ASC LIMIT ?[0m  [["LIMIT", 1]]
  [1m[36mHabit Load (0.3ms)[0m  [1m[34mSELECT "habits".* FROM "habits" ORDER BY "habits"."id" DESC LIMIT ?[0m  [["LIMIT", 1]]
  [1m[35m (0.1ms)[0m  [1m[36mbegin transaction[0m
  [1m[36mUser Load (0.4ms)[0m  [1m[34mSELECT "users".* FROM "users" WHERE "users"."id" = ? LIMIT ?[0m  [["id", 1], ["LIMIT", 1]]
  [1m[36mHabit Load (0.1ms)[0m  [1m[34mSELECT "habits".* FROM "habits" WHERE "habits"."id" = ? LIMIT ?[0m  [["id", 4], ["LIMIT", 1]]
  [1m[36mUserHabit Create (0.4ms)[0m  [1m[32mINSERT INTO "user_habits" ("user_id", "habit_id", "straight_days", "created_at", "updated_at") VALUES (?, ?, ?, ?, ?)[0m  [["user_id", "1"], ["habit_id", "4"], ["straight_days", "0"], ["created_at", "2020-07-07 14:24:03.868342"], ["updated_at", "2020-07-07 14:24:03.868342"]]
  [1m[35m (3.6ms)[0m  [1m[36mcommit transaction[0m
  [1m[35m (0.1ms)[0m  [1m[36mbegin transaction[0m
  [1m[36mHabit Create (0.4ms)[0m  [1m[32mINSERT INTO "habits" ("name", "description", "created_at", "updated_at") VALUES (?, ?, ?, ?)[0m  [["name", "Cooking"], ["description", "A nice habit!"], ["created_at", "2020-07-07 14:24:03.876843"], ["updated_at", "2020-07-07 14:24:03.876843"]]
  [1m[35m (2.0ms)[0m  [1m[36mcommit transaction[0m
  [1m[36mUser Load (0.2ms)[0m  [1m[34mSELECT "users".* FROM "users" ORDER BY "users"."id" ASC LIMIT ?[0m  [["LIMIT", 1]]
  [1m[36mHabit Load (0.1ms)[0m  [1m[34mSELECT "habits".* FROM "habits" ORDER BY "habits"."id" DESC LIMIT ?[0m  [["LIMIT", 1]]
  [1m[35m (0.1ms)[0m  [1m[36mbegin transaction[0m
  [1m[36mUser Load (0.2ms)[0m  [1m[34mSELECT "users".* FROM "users" WHERE "users"."id" = ? LIMIT ?[0m  [["id", 1], ["LIMIT", 1]]
  [1m[36mHabit Load (0.1ms)[0m  [1m[34mSELECT "habits".* FROM "habits" WHERE "habits"."id" = ? LIMIT ?[0m  [["id", 5], ["LIMIT", 1]]
  [1m[36mUserHabit Create (1.6ms)[0m  [1m[32mINSERT INTO "user_habits" ("user_id", "habit_id", "straight_days", "created_at", "updated_at") VALUES (?, ?, ?, ?, ?)[0m  [["user_id", "1"], ["habit_id", "5"], ["straight_days", "0"], ["created_at", "2020-07-07 14:24:03.892675"], ["updated_at", "2020-07-07 14:24:03.892675"]]
  [1m[35m (2.3ms)[0m  [1m[36mcommit transaction[0m
Started GET "/users/2" for ::1 at 2020-07-07 09:24:21 -0500
Started GET "/users/2" for ::1 at 2020-07-07 09:24:21 -0500
  [1m[35m (1.5ms)[0m  [1m[34mSELECT sqlite_version(*)[0m
  [1m[35m (0.2ms)[0m  [1m[34mSELECT sqlite_version(*)[0m
  [1m[35m (10.0ms)[0m  [1m[34mSELECT "schema_migrations"."version" FROM "schema_migrations" ORDER BY "schema_migrations"."version" ASC[0m
  [1m[35m (0.3ms)[0m  [1m[34mSELECT "schema_migrations"."version" FROM "schema_migrations" ORDER BY "schema_migrations"."version" ASC[0m
Processing by UsersController#show as */*
  Parameters: {"id"=>"2"}
Processing by UsersController#show as */*
  Parameters: {"id"=>"2"}
  [1m[36mUser Load (0.4ms)[0m  [1m[34mSELECT "users".* FROM "users" WHERE "users"."id" = ? LIMIT ?[0m  [["id", 2], ["LIMIT", 1]]
  [1m[36mUser Load (0.3ms)[0m  [1m[34mSELECT "users".* FROM "users" WHERE "users"."id" = ? LIMIT ?[0m  [["id", 2], ["LIMIT", 1]]
  ↳ app/controllers/users_controller.rb:3:in `show'
  ↳ app/controllers/users_controller.rb:3:in `show'
Completed 404 Not Found in 73ms (ActiveRecord: 16.4ms | Allocations: 4162)


Completed 404 Not Found in 68ms (ActiveRecord: 0.3ms | Allocations: 4159)


  
ActiveRecord::RecordNotFound (Couldn't find User with 'id'=2):
  
app/controllers/users_controller.rb:3:in `show'
  
ActiveRecord::RecordNotFound (Couldn't find User with 'id'=2):
  
app/controllers/users_controller.rb:3:in `show'
  [1m[35m (0.5ms)[0m  [1m[34mSELECT sqlite_version(*)[0m
  [1m[36mUser Load (0.2ms)[0m  [1m[34mSELECT "users".* FROM "users" ORDER BY "users"."id" ASC LIMIT ?[0m  [["LIMIT", 1]]
Started GET "/users/1" for ::1 at 2020-07-07 09:25:42 -0500
  [1m[35m (1.0ms)[0m  [1m[34mSELECT sqlite_version(*)[0m
  [1m[35m (0.2ms)[0m  [1m[34mSELECT "schema_migrations"."version" FROM "schema_migrations" ORDER BY "schema_migrations"."version" ASC[0m
Processing by UsersController#show as */*
  Parameters: {"id"=>"1"}
  [1m[36mUser Load (0.4ms)[0m  [1m[34mSELECT "users".* FROM "users" WHERE "users"."id" = ? LIMIT ?[0m  [["id", 1], ["LIMIT", 1]]
  ↳ app/controllers/users_controller.rb:3:in `show'
[active_model_serializers]   [1m[36mHabit Load (0.3ms)[0m  [1m[34mSELECT "habits".* FROM "habits" INNER JOIN "user_habits" ON "habits"."id" = "user_habits"."habit_id" WHERE "user_habits"."user_id" = ?[0m  [["user_id", "1"]]
[active_model_serializers]   ↳ app/controllers/users_controller.rb:4:in `show'
[active_model_serializers]   [1m[36mUserHabit Load (0.3ms)[0m  [1m[34mSELECT "user_habits".* FROM "user_habits" WHERE "user_habits"."user_id" = ?[0m  [["user_id", "1"]]
[active_model_serializers]   ↳ app/controllers/users_controller.rb:4:in `show'
[active_model_serializers] Rendered UserSerializer with ActiveModelSerializers::Adapter::Attributes (263.47ms)
Completed 200 OK in 619ms (Views: 579.8ms | ActiveRecord: 3.6ms | Allocations: 30168)


Started GET "/users/2" for ::1 at 2020-07-07 09:31:42 -0500
Processing by UsersController#show as HTML
  Parameters: {"id"=>"2"}
  [1m[36mUser Load (0.3ms)[0m  [1m[34mSELECT "users".* FROM "users" WHERE "users"."id" = ? LIMIT ?[0m  [["id", 2], ["LIMIT", 1]]
  ↳ app/controllers/users_controller.rb:3:in `show'
Completed 404 Not Found in 4ms (ActiveRecord: 0.3ms | Allocations: 626)


  
ActiveRecord::RecordNotFound (Couldn't find User with 'id'=2):
  
app/controllers/users_controller.rb:3:in `show'
Started GET "/users/1" for ::1 at 2020-07-07 09:31:51 -0500
Processing by UsersController#show as HTML
  Parameters: {"id"=>"1"}
  [1m[36mUser Load (0.3ms)[0m  [1m[34mSELECT "users".* FROM "users" WHERE "users"."id" = ? LIMIT ?[0m  [["id", 1], ["LIMIT", 1]]
  ↳ app/controllers/users_controller.rb:3:in `show'
[active_model_serializers]   [1m[36mHabit Load (1.7ms)[0m  [1m[34mSELECT "habits".* FROM "habits" INNER JOIN "user_habits" ON "habits"."id" = "user_habits"."habit_id" WHERE "user_habits"."user_id" = ?[0m  [["user_id", "1"]]
[active_model_serializers]   ↳ app/controllers/users_controller.rb:4:in `show'
[active_model_serializers]   [1m[36mUserHabit Load (0.3ms)[0m  [1m[34mSELECT "user_habits".* FROM "user_habits" WHERE "user_habits"."user_id" = ?[0m  [["user_id", "1"]]
[active_model_serializers]   ↳ app/controllers/users_controller.rb:4:in `show'
[active_model_serializers] Rendered UserSerializer with ActiveModelSerializers::Adapter::Attributes (21.38ms)
Completed 200 OK in 26ms (Views: 20.7ms | ActiveRecord: 2.3ms | Allocations: 4680)


Started GET "/users/2" for ::1 at 2020-07-07 09:35:29 -0500
Processing by UsersController#show as */*
  Parameters: {"id"=>"2"}
  [1m[36mUser Load (20.3ms)[0m  [1m[34mSELECT "users".* FROM "users" WHERE "users"."id" = ? LIMIT ?[0m  [["id", 2], ["LIMIT", 1]]
  ↳ app/controllers/users_controller.rb:3:in `show'
Completed 404 Not Found in 22ms (ActiveRecord: 20.3ms | Allocations: 613)


  
ActiveRecord::RecordNotFound (Couldn't find User with 'id'=2):
  
app/controllers/users_controller.rb:3:in `show'
Started GET "/users/2" for ::1 at 2020-07-07 09:35:31 -0500
Processing by UsersController#show as */*
  Parameters: {"id"=>"2"}
  [1m[36mUser Load (0.2ms)[0m  [1m[34mSELECT "users".* FROM "users" WHERE "users"."id" = ? LIMIT ?[0m  [["id", 2], ["LIMIT", 1]]
  ↳ app/controllers/users_controller.rb:3:in `show'
Completed 404 Not Found in 2ms (ActiveRecord: 0.2ms | Allocations: 621)


  
ActiveRecord::RecordNotFound (Couldn't find User with 'id'=2):
  
app/controllers/users_controller.rb:3:in `show'
Started GET "/users/1" for ::1 at 2020-07-07 09:35:47 -0500
Processing by UsersController#show as */*
  Parameters: {"id"=>"1"}
  [1m[36mUser Load (0.3ms)[0m  [1m[34mSELECT "users".* FROM "users" WHERE "users"."id" = ? LIMIT ?[0m  [["id", 1], ["LIMIT", 1]]
  ↳ app/controllers/users_controller.rb:3:in `show'
[active_model_serializers]   [1m[36mHabit Load (0.3ms)[0m  [1m[34mSELECT "habits".* FROM "habits" INNER JOIN "user_habits" ON "habits"."id" = "user_habits"."habit_id" WHERE "user_habits"."user_id" = ?[0m  [["user_id", "1"]]
[active_model_serializers]   ↳ app/controllers/users_controller.rb:4:in `show'
[active_model_serializers]   [1m[36mUserHabit Load (0.6ms)[0m  [1m[34mSELECT "user_habits".* FROM "user_habits" WHERE "user_habits"."user_id" = ?[0m  [["user_id", "1"]]
[active_model_serializers]   ↳ app/controllers/users_controller.rb:4:in `show'
[active_model_serializers] Rendered UserSerializer with ActiveModelSerializers::Adapter::Attributes (22.26ms)
Completed 200 OK in 28ms (Views: 24.8ms | ActiveRecord: 1.2ms | Allocations: 4613)


Started GET "/users/1" for ::1 at 2020-07-07 09:40:01 -0500
Processing by UsersController#show as */*
  Parameters: {"id"=>"1"}
  [1m[36mUser Load (0.3ms)[0m  [1m[34mSELECT "users".* FROM "users" WHERE "users"."id" = ? LIMIT ?[0m  [["id", 1], ["LIMIT", 1]]
  ↳ app/controllers/users_controller.rb:3:in `show'
[active_model_serializers]   [1m[36mHabit Load (0.3ms)[0m  [1m[34mSELECT "habits".* FROM "habits" INNER JOIN "user_habits" ON "habits"."id" = "user_habits"."habit_id" WHERE "user_habits"."user_id" = ?[0m  [["user_id", "1"]]
[active_model_serializers]   ↳ app/controllers/users_controller.rb:4:in `show'
[active_model_serializers]   [1m[36mUserHabit Load (0.2ms)[0m  [1m[34mSELECT "user_habits".* FROM "user_habits" WHERE "user_habits"."user_id" = ?[0m  [["user_id", "1"]]
[active_model_serializers]   ↳ app/controllers/users_controller.rb:4:in `show'
[active_model_serializers] Rendered UserSerializer with ActiveModelSerializers::Adapter::Attributes (9.21ms)
Completed 200 OK in 13ms (Views: 9.5ms | ActiveRecord: 0.8ms | Allocations: 4599)


Started GET "/users/1" for ::1 at 2020-07-07 09:42:10 -0500
Processing by UsersController#show as */*
  Parameters: {"id"=>"1"}
  [1m[36mUser Load (0.3ms)[0m  [1m[34mSELECT "users".* FROM "users" WHERE "users"."id" = ? LIMIT ?[0m  [["id", 1], ["LIMIT", 1]]
  ↳ app/controllers/users_controller.rb:3:in `show'
[active_model_serializers]   [1m[36mHabit Load (0.3ms)[0m  [1m[34mSELECT "habits".* FROM "habits" INNER JOIN "user_habits" ON "habits"."id" = "user_habits"."habit_id" WHERE "user_habits"."user_id" = ?[0m  [["user_id", "1"]]
[active_model_serializers]   ↳ app/controllers/users_controller.rb:4:in `show'
[active_model_serializers]   [1m[36mUserHabit Load (0.2ms)[0m  [1m[34mSELECT "user_habits".* FROM "user_habits" WHERE "user_habits"."user_id" = ?[0m  [["user_id", "1"]]
[active_model_serializers]   ↳ app/controllers/users_controller.rb:4:in `show'
[active_model_serializers] Rendered UserSerializer with ActiveModelSerializers::Adapter::Attributes (11.9ms)
Completed 200 OK in 18ms (Views: 12.8ms | ActiveRecord: 0.8ms | Allocations: 4597)


  [1m[35m (1.4ms)[0m  [1m[34mSELECT sqlite_version(*)[0m
  [1m[35m (0.6ms)[0m  [1m[34mSELECT "schema_migrations"."version" FROM "schema_migrations" ORDER BY "schema_migrations"."version" ASC[0m
Migrating to CreateFriendships (20200707144641)
  [1m[35m (0.1ms)[0m  [1m[36mbegin transaction[0m
  [1m[35m (0.6ms)[0m  [1m[35mCREATE TABLE "friendships" ("id" integer PRIMARY KEY AUTOINCREMENT NOT NULL, "user_1_id" integer, "user_2_id" integer, "created_at" datetime(6) NOT NULL, "updated_at" datetime(6) NOT NULL)[0m
  [1m[36mprimary::SchemaMigration Create (17.1ms)[0m  [1m[32mINSERT INTO "schema_migrations" ("version") VALUES (?)[0m  [["version", "20200707144641"]]
  [1m[35m (45.9ms)[0m  [1m[36mcommit transaction[0m
  [1m[36mActiveRecord::InternalMetadata Load (1.0ms)[0m  [1m[34mSELECT "ar_internal_metadata".* FROM "ar_internal_metadata" WHERE "ar_internal_metadata"."key" = ? LIMIT ?[0m  [["key", "environment"], ["LIMIT", 1]]
  [1m[35m (0.1ms)[0m  [1m[34mSELECT sqlite_version(*)[0m
  [1m[35m (0.5ms)[0m  [1m[34mSELECT "schema_migrations"."version" FROM "schema_migrations" ORDER BY "schema_migrations"."version" ASC[0m
  [1m[35m (1.5ms)[0m  [1m[34mSELECT sqlite_version(*)[0m
  [1m[35m (0.7ms)[0m  [1m[34mSELECT "schema_migrations"."version" FROM "schema_migrations" ORDER BY "schema_migrations"."version" ASC[0m
  [1m[35m (0.6ms)[0m  [1m[34mSELECT sqlite_version(*)[0m
  [1m[36mUser Load (0.3ms)[0m  [1m[34mSELECT "users".* FROM "users"[0m
  [1m[35m (0.1ms)[0m  [1m[36mbegin transaction[0m
  [1m[36mUser Destroy (0.7ms)[0m  [1m[31mDELETE FROM "users" WHERE "users"."id" = ?[0m  [["id", 1]]
  [1m[35m (2.2ms)[0m  [1m[36mcommit transaction[0m
  [1m[36mHabit Load (0.6ms)[0m  [1m[34mSELECT "habits".* FROM "habits"[0m
  [1m[35m (0.1ms)[0m  [1m[36mbegin transaction[0m
  [1m[36mHabit Destroy (0.5ms)[0m  [1m[31mDELETE FROM "habits" WHERE "habits"."id" = ?[0m  [["id", 1]]
  [1m[35m (1.7ms)[0m  [1m[36mcommit transaction[0m
  [1m[35m (0.2ms)[0m  [1m[36mbegin transaction[0m
  [1m[36mHabit Destroy (55.0ms)[0m  [1m[31mDELETE FROM "habits" WHERE "habits"."id" = ?[0m  [["id", 2]]
  [1m[35m (1.9ms)[0m  [1m[36mcommit transaction[0m
  [1m[35m (0.1ms)[0m  [1m[36mbegin transaction[0m
  [1m[36mHabit Destroy (2.0ms)[0m  [1m[31mDELETE FROM "habits" WHERE "habits"."id" = ?[0m  [["id", 3]]
  [1m[35m (3.5ms)[0m  [1m[36mcommit transaction[0m
  [1m[35m (0.2ms)[0m  [1m[36mbegin transaction[0m
  [1m[36mHabit Destroy (0.5ms)[0m  [1m[31mDELETE FROM "habits" WHERE "habits"."id" = ?[0m  [["id", 4]]
  [1m[35m (2.4ms)[0m  [1m[36mcommit transaction[0m
  [1m[35m (0.1ms)[0m  [1m[36mbegin transaction[0m
  [1m[36mHabit Destroy (0.6ms)[0m  [1m[31mDELETE FROM "habits" WHERE "habits"."id" = ?[0m  [["id", 5]]
  [1m[35m (2.4ms)[0m  [1m[36mcommit transaction[0m
  [1m[36mUserHabit Load (1.4ms)[0m  [1m[34mSELECT "user_habits".* FROM "user_habits"[0m
  [1m[35m (0.1ms)[0m  [1m[36mbegin transaction[0m
  [1m[36mUserHabit Destroy (0.5ms)[0m  [1m[31mDELETE FROM "user_habits" WHERE "user_habits"."id" = ?[0m  [["id", 1]]
  [1m[35m (6.3ms)[0m  [1m[36mcommit transaction[0m
  [1m[35m (0.1ms)[0m  [1m[36mbegin transaction[0m
  [1m[36mUserHabit Destroy (0.5ms)[0m  [1m[31mDELETE FROM "user_habits" WHERE "user_habits"."id" = ?[0m  [["id", 2]]
  [1m[35m (2.0ms)[0m  [1m[36mcommit transaction[0m
  [1m[35m (0.1ms)[0m  [1m[36mbegin transaction[0m
  [1m[36mUserHabit Destroy (0.6ms)[0m  [1m[31mDELETE FROM "user_habits" WHERE "user_habits"."id" = ?[0m  [["id", 3]]
  [1m[35m (1.8ms)[0m  [1m[36mcommit transaction[0m
  [1m[35m (0.1ms)[0m  [1m[36mbegin transaction[0m
  [1m[36mUserHabit Destroy (0.6ms)[0m  [1m[31mDELETE FROM "user_habits" WHERE "user_habits"."id" = ?[0m  [["id", 4]]
  [1m[35m (1.5ms)[0m  [1m[36mcommit transaction[0m
  [1m[35m (0.1ms)[0m  [1m[36mbegin transaction[0m
  [1m[36mUserHabit Destroy (0.5ms)[0m  [1m[31mDELETE FROM "user_habits" WHERE "user_habits"."id" = ?[0m  [["id", 5]]
  [1m[35m (2.1ms)[0m  [1m[36mcommit transaction[0m
  [1m[35m (0.2ms)[0m  [1m[36mbegin transaction[0m
  [1m[36mUser Create (0.6ms)[0m  [1m[32mINSERT INTO "users" ("name", "age", "img_url", "email_address", "created_at", "updated_at") VALUES (?, ?, ?, ?, ?, ?)[0m  [["name", "Emilio"], ["age", 22], ["img_url", "www.nicepicture.com/1"], ["email_address", "emilioquintana90@gmail.com"], ["created_at", "2020-07-07 14:54:49.187484"], ["updated_at", "2020-07-07 14:54:49.187484"]]
  [1m[35m (2.0ms)[0m  [1m[36mcommit transaction[0m
  [1m[35m (0.1ms)[0m  [1m[36mbegin transaction[0m
  [1m[36mUser Create (0.6ms)[0m  [1m[32mINSERT INTO "users" ("name", "age", "img_url", "email_address", "created_at", "updated_at") VALUES (?, ?, ?, ?, ?, ?)[0m  [["name", "Alex"], ["age", 22], ["img_url", "www.nicepicture.com/1"], ["email_address", "alex@gmail.com"], ["created_at", "2020-07-07 14:54:49.200293"], ["updated_at", "2020-07-07 14:54:49.200293"]]
  [1m[35m (2.4ms)[0m  [1m[36mcommit transaction[0m
  [1m[35m (0.1ms)[0m  [1m[36mbegin transaction[0m
  [1m[36mHabit Create (0.4ms)[0m  [1m[32mINSERT INTO "habits" ("name", "description", "created_at", "updated_at") VALUES (?, ?, ?, ?)[0m  [["name", "Meditation"], ["description", "A nice habit!"], ["created_at", "2020-07-07 14:54:49.217830"], ["updated_at", "2020-07-07 14:54:49.217830"]]
  [1m[35m (2.4ms)[0m  [1m[36mcommit transaction[0m
  [1m[36mUser Load (0.3ms)[0m  [1m[34mSELECT "users".* FROM "users" ORDER BY "users"."id" ASC LIMIT ?[0m  [["LIMIT", 1]]
  [1m[36mHabit Load (0.9ms)[0m  [1m[34mSELECT "habits".* FROM "habits" ORDER BY "habits"."id" DESC LIMIT ?[0m  [["LIMIT", 1]]
  [1m[35m (0.1ms)[0m  [1m[36mbegin transaction[0m
  [1m[36mUser Load (0.4ms)[0m  [1m[34mSELECT "users".* FROM "users" WHERE "users"."id" = ? LIMIT ?[0m  [["id", 2], ["LIMIT", 1]]
  [1m[36mHabit Load (0.3ms)[0m  [1m[34mSELECT "habits".* FROM "habits" WHERE "habits"."id" = ? LIMIT ?[0m  [["id", 6], ["LIMIT", 1]]
  [1m[36mUserHabit Create (0.6ms)[0m  [1m[32mINSERT INTO "user_habits" ("user_id", "habit_id", "straight_days", "created_at", "updated_at") VALUES (?, ?, ?, ?, ?)[0m  [["user_id", "2"], ["habit_id", "6"], ["straight_days", "0"], ["created_at", "2020-07-07 14:54:49.368220"], ["updated_at", "2020-07-07 14:54:49.368220"]]
  [1m[35m (2.5ms)[0m  [1m[36mcommit transaction[0m
  [1m[35m (0.1ms)[0m  [1m[36mbegin transaction[0m
  [1m[36mHabit Create (0.6ms)[0m  [1m[32mINSERT INTO "habits" ("name", "description", "created_at", "updated_at") VALUES (?, ?, ?, ?)[0m  [["name", "Fasting"], ["description", "A nice habit!"], ["created_at", "2020-07-07 14:54:49.388250"], ["updated_at", "2020-07-07 14:54:49.388250"]]
  [1m[35m (2.2ms)[0m  [1m[36mcommit transaction[0m
  [1m[36mUser Load (0.4ms)[0m  [1m[34mSELECT "users".* FROM "users" ORDER BY "users"."id" ASC LIMIT ?[0m  [["LIMIT", 1]]
  [1m[36mHabit Load (0.2ms)[0m  [1m[34mSELECT "habits".* FROM "habits" ORDER BY "habits"."id" DESC LIMIT ?[0m  [["LIMIT", 1]]
  [1m[35m (0.1ms)[0m  [1m[36mbegin transaction[0m
  [1m[36mUser Load (0.2ms)[0m  [1m[34mSELECT "users".* FROM "users" WHERE "users"."id" = ? LIMIT ?[0m  [["id", 2], ["LIMIT", 1]]
  [1m[36mHabit Load (0.2ms)[0m  [1m[34mSELECT "habits".* FROM "habits" WHERE "habits"."id" = ? LIMIT ?[0m  [["id", 7], ["LIMIT", 1]]
  [1m[36mUserHabit Create (1.2ms)[0m  [1m[32mINSERT INTO "user_habits" ("user_id", "habit_id", "straight_days", "created_at", "updated_at") VALUES (?, ?, ?, ?, ?)[0m  [["user_id", "2"], ["habit_id", "7"], ["straight_days", "0"], ["created_at", "2020-07-07 14:54:49.430810"], ["updated_at", "2020-07-07 14:54:49.430810"]]
  [1m[35m (2.6ms)[0m  [1m[36mcommit transaction[0m
  [1m[35m (0.1ms)[0m  [1m[36mbegin transaction[0m
  [1m[36mHabit Create (0.6ms)[0m  [1m[32mINSERT INTO "habits" ("name", "description", "created_at", "updated_at") VALUES (?, ?, ?, ?)[0m  [["name", "Workout"], ["description", "A nice habit!"], ["created_at", "2020-07-07 14:54:49.441069"], ["updated_at", "2020-07-07 14:54:49.441069"]]
  [1m[35m (2.2ms)[0m  [1m[36mcommit transaction[0m
  [1m[36mUser Load (0.2ms)[0m  [1m[34mSELECT "users".* FROM "users" ORDER BY "users"."id" ASC LIMIT ?[0m  [["LIMIT", 1]]
  [1m[36mHabit Load (0.2ms)[0m  [1m[34mSELECT "habits".* FROM "habits" ORDER BY "habits"."id" DESC LIMIT ?[0m  [["LIMIT", 1]]
  [1m[35m (0.1ms)[0m  [1m[36mbegin transaction[0m
  [1m[36mUser Load (0.4ms)[0m  [1m[34mSELECT "users".* FROM "users" WHERE "users"."id" = ? LIMIT ?[0m  [["id", 2], ["LIMIT", 1]]
  [1m[36mHabit Load (0.2ms)[0m  [1m[34mSELECT "habits".* FROM "habits" WHERE "habits"."id" = ? LIMIT ?[0m  [["id", 8], ["LIMIT", 1]]
  [1m[36mUserHabit Create (36.3ms)[0m  [1m[32mINSERT INTO "user_habits" ("user_id", "habit_id", "straight_days", "created_at", "updated_at") VALUES (?, ?, ?, ?, ?)[0m  [["user_id", "2"], ["habit_id", "8"], ["straight_days", "0"], ["created_at", "2020-07-07 14:54:49.461916"], ["updated_at", "2020-07-07 14:54:49.461916"]]
  [1m[35m (4.1ms)[0m  [1m[36mcommit transaction[0m
  [1m[35m (0.2ms)[0m  [1m[36mbegin transaction[0m
  [1m[36mHabit Create (0.6ms)[0m  [1m[32mINSERT INTO "habits" ("name", "description", "created_at", "updated_at") VALUES (?, ?, ?, ?)[0m  [["name", "Mandarin"], ["description", "A nice habit!"], ["created_at", "2020-07-07 14:54:49.542380"], ["updated_at", "2020-07-07 14:54:49.542380"]]
  [1m[35m (2.1ms)[0m  [1m[36mcommit transaction[0m
  [1m[36mUser Load (0.3ms)[0m  [1m[34mSELECT "users".* FROM "users" ORDER BY "users"."id" ASC LIMIT ?[0m  [["LIMIT", 1]]
  [1m[36mHabit Load (0.3ms)[0m  [1m[34mSELECT "habits".* FROM "habits" ORDER BY "habits"."id" DESC LIMIT ?[0m  [["LIMIT", 1]]
  [1m[35m (0.1ms)[0m  [1m[36mbegin transaction[0m
  [1m[36mUser Load (0.1ms)[0m  [1m[34mSELECT "users".* FROM "users" WHERE "users"."id" = ? LIMIT ?[0m  [["id", 2], ["LIMIT", 1]]
  [1m[36mHabit Load (0.1ms)[0m  [1m[34mSELECT "habits".* FROM "habits" WHERE "habits"."id" = ? LIMIT ?[0m  [["id", 9], ["LIMIT", 1]]
  [1m[36mUserHabit Create (1.8ms)[0m  [1m[32mINSERT INTO "user_habits" ("user_id", "habit_id", "straight_days", "created_at", "updated_at") VALUES (?, ?, ?, ?, ?)[0m  [["user_id", "2"], ["habit_id", "9"], ["straight_days", "0"], ["created_at", "2020-07-07 14:54:49.574303"], ["updated_at", "2020-07-07 14:54:49.574303"]]
  [1m[35m (47.2ms)[0m  [1m[36mcommit transaction[0m
  [1m[35m (0.1ms)[0m  [1m[36mbegin transaction[0m
  [1m[36mHabit Create (2.0ms)[0m  [1m[32mINSERT INTO "habits" ("name", "description", "created_at", "updated_at") VALUES (?, ?, ?, ?)[0m  [["name", "Cooking"], ["description", "A nice habit!"], ["created_at", "2020-07-07 14:54:49.630992"], ["updated_at", "2020-07-07 14:54:49.630992"]]
  [1m[35m (2.4ms)[0m  [1m[36mcommit transaction[0m
  [1m[36mUser Load (0.3ms)[0m  [1m[34mSELECT "users".* FROM "users" ORDER BY "users"."id" ASC LIMIT ?[0m  [["LIMIT", 1]]
  [1m[36mHabit Load (0.2ms)[0m  [1m[34mSELECT "habits".* FROM "habits" ORDER BY "habits"."id" DESC LIMIT ?[0m  [["LIMIT", 1]]
  [1m[35m (0.1ms)[0m  [1m[36mbegin transaction[0m
  [1m[36mUser Load (0.5ms)[0m  [1m[34mSELECT "users".* FROM "users" WHERE "users"."id" = ? LIMIT ?[0m  [["id", 2], ["LIMIT", 1]]
  [1m[36mHabit Load (0.4ms)[0m  [1m[34mSELECT "habits".* FROM "habits" WHERE "habits"."id" = ? LIMIT ?[0m  [["id", 10], ["LIMIT", 1]]
  [1m[36mUserHabit Create (4.0ms)[0m  [1m[32mINSERT INTO "user_habits" ("user_id", "habit_id", "straight_days", "created_at", "updated_at") VALUES (?, ?, ?, ?, ?)[0m  [["user_id", "2"], ["habit_id", "10"], ["straight_days", "0"], ["created_at", "2020-07-07 14:54:49.861519"], ["updated_at", "2020-07-07 14:54:49.861519"]]
  [1m[35m (2.5ms)[0m  [1m[36mcommit transaction[0m
  [1m[36mUser Load (0.9ms)[0m  [1m[34mSELECT "users".* FROM "users" ORDER BY "users"."id" ASC LIMIT ?[0m  [["LIMIT", 1]]
  [1m[36mUser Load (0.4ms)[0m  [1m[34mSELECT "users".* FROM "users" ORDER BY "users"."id" DESC LIMIT ?[0m  [["LIMIT", 1]]
  [1m[35m (0.2ms)[0m  [1m[36mbegin transaction[0m
  [1m[36mUser Load (0.7ms)[0m  [1m[34mSELECT "users".* FROM "users" WHERE "users"."id" = ? LIMIT ?[0m  [["id", 2], ["LIMIT", 1]]
  [1m[36mUser Load (0.2ms)[0m  [1m[34mSELECT "users".* FROM "users" WHERE "users"."id" = ? LIMIT ?[0m  [["id", 3], ["LIMIT", 1]]
  [1m[36mFriendship Create (23.4ms)[0m  [1m[32mINSERT INTO "friendships" ("user_1_id", "user_2_id", "created_at", "updated_at") VALUES (?, ?, ?, ?)[0m  [["user_1_id", 2], ["user_2_id", 3], ["created_at", "2020-07-07 14:54:50.052280"], ["updated_at", "2020-07-07 14:54:50.052280"]]
  [1m[35m (3.6ms)[0m  [1m[36mcommit transaction[0m
  [1m[35m (1.0ms)[0m  [1m[34mSELECT sqlite_version(*)[0m
  [1m[36mFriendship Load (0.4ms)[0m  [1m[34mSELECT "friendships".* FROM "friendships" LIMIT ?[0m  [["LIMIT", 11]]
  [1m[36mUser Load (0.1ms)[0m  [1m[34mSELECT "users".* FROM "users" ORDER BY "users"."id" DESC LIMIT ?[0m  [["LIMIT", 1]]
  [1m[36mFriendship Load (0.6ms)[0m  [1m[34mSELECT "friendships".* FROM "friendships" WHERE "friendships"."user_1_id" = ? LIMIT ?[0m  [["user_1_id", 3], ["LIMIT", 11]]
  [1m[36mFriendship Load (0.3ms)[0m  [1m[34mSELECT "friendships".* FROM "friendships" WHERE "friendships"."user_2_id" = ? LIMIT ?[0m  [["user_2_id", 3], ["LIMIT", 11]]
  [1m[35m (0.7ms)[0m  [1m[34mSELECT sqlite_version(*)[0m
  [1m[35m (0.5ms)[0m  [1m[34mSELECT "schema_migrations"."version" FROM "schema_migrations" ORDER BY "schema_migrations"."version" ASC[0m
  [1m[35m (0.1ms)[0m  [1m[34mSELECT sqlite_version(*)[0m
  [1m[36mUser Load (0.2ms)[0m  [1m[34mSELECT "users".* FROM "users"[0m
  [1m[35m (0.1ms)[0m  [1m[36mbegin transaction[0m
  [1m[36mUser Destroy (0.5ms)[0m  [1m[31mDELETE FROM "users" WHERE "users"."id" = ?[0m  [["id", 2]]
  [1m[35m (1.9ms)[0m  [1m[36mcommit transaction[0m
  [1m[35m (0.1ms)[0m  [1m[36mbegin transaction[0m
  [1m[36mUser Destroy (0.5ms)[0m  [1m[31mDELETE FROM "users" WHERE "users"."id" = ?[0m  [["id", 3]]
  [1m[35m (1.8ms)[0m  [1m[36mcommit transaction[0m
  [1m[36mHabit Load (0.3ms)[0m  [1m[34mSELECT "habits".* FROM "habits"[0m
  [1m[35m (0.1ms)[0m  [1m[36mbegin transaction[0m
  [1m[36mHabit Destroy (0.4ms)[0m  [1m[31mDELETE FROM "habits" WHERE "habits"."id" = ?[0m  [["id", 6]]
  [1m[35m (1.7ms)[0m  [1m[36mcommit transaction[0m
  [1m[35m (0.1ms)[0m  [1m[36mbegin transaction[0m
  [1m[36mHabit Destroy (0.4ms)[0m  [1m[31mDELETE FROM "habits" WHERE "habits"."id" = ?[0m  [["id", 7]]
  [1m[35m (1.6ms)[0m  [1m[36mcommit transaction[0m
  [1m[35m (0.1ms)[0m  [1m[36mbegin transaction[0m
  [1m[36mHabit Destroy (0.4ms)[0m  [1m[31mDELETE FROM "habits" WHERE "habits"."id" = ?[0m  [["id", 8]]
  [1m[35m (1.6ms)[0m  [1m[36mcommit transaction[0m
  [1m[35m (0.1ms)[0m  [1m[36mbegin transaction[0m
  [1m[36mHabit Destroy (0.3ms)[0m  [1m[31mDELETE FROM "habits" WHERE "habits"."id" = ?[0m  [["id", 9]]
  [1m[35m (2.8ms)[0m  [1m[36mcommit transaction[0m
  [1m[35m (0.1ms)[0m  [1m[36mbegin transaction[0m
  [1m[36mHabit Destroy (0.7ms)[0m  [1m[31mDELETE FROM "habits" WHERE "habits"."id" = ?[0m  [["id", 10]]
  [1m[35m (2.2ms)[0m  [1m[36mcommit transaction[0m
  [1m[36mUserHabit Load (0.3ms)[0m  [1m[34mSELECT "user_habits".* FROM "user_habits"[0m
  [1m[35m (0.1ms)[0m  [1m[36mbegin transaction[0m
  [1m[36mUserHabit Destroy (0.3ms)[0m  [1m[31mDELETE FROM "user_habits" WHERE "user_habits"."id" = ?[0m  [["id", 6]]
  [1m[35m (1.8ms)[0m  [1m[36mcommit transaction[0m
  [1m[35m (0.1ms)[0m  [1m[36mbegin transaction[0m
  [1m[36mUserHabit Destroy (0.5ms)[0m  [1m[31mDELETE FROM "user_habits" WHERE "user_habits"."id" = ?[0m  [["id", 7]]
  [1m[35m (1.6ms)[0m  [1m[36mcommit transaction[0m
  [1m[35m (0.1ms)[0m  [1m[36mbegin transaction[0m
  [1m[36mUserHabit Destroy (0.4ms)[0m  [1m[31mDELETE FROM "user_habits" WHERE "user_habits"."id" = ?[0m  [["id", 8]]
  [1m[35m (1.5ms)[0m  [1m[36mcommit transaction[0m
  [1m[35m (0.1ms)[0m  [1m[36mbegin transaction[0m
  [1m[36mUserHabit Destroy (0.4ms)[0m  [1m[31mDELETE FROM "user_habits" WHERE "user_habits"."id" = ?[0m  [["id", 9]]
  [1m[35m (2.0ms)[0m  [1m[36mcommit transaction[0m
  [1m[35m (0.1ms)[0m  [1m[36mbegin transaction[0m
  [1m[36mUserHabit Destroy (0.4ms)[0m  [1m[31mDELETE FROM "user_habits" WHERE "user_habits"."id" = ?[0m  [["id", 10]]
  [1m[35m (2.0ms)[0m  [1m[36mcommit transaction[0m
  [1m[35m (0.1ms)[0m  [1m[36mbegin transaction[0m
  [1m[36mUser Create (0.4ms)[0m  [1m[32mINSERT INTO "users" ("name", "age", "img_url", "email_address", "created_at", "updated_at") VALUES (?, ?, ?, ?, ?, ?)[0m  [["name", "Emilio"], ["age", 22], ["img_url", "www.nicepicture.com/1"], ["email_address", "emilioquintana90@gmail.com"], ["created_at", "2020-07-07 14:57:00.198708"], ["updated_at", "2020-07-07 14:57:00.198708"]]
  [1m[35m (1.6ms)[0m  [1m[36mcommit transaction[0m
  [1m[35m (0.1ms)[0m  [1m[36mbegin transaction[0m
  [1m[36mUser Create (0.4ms)[0m  [1m[32mINSERT INTO "users" ("name", "age", "img_url", "email_address", "created_at", "updated_at") VALUES (?, ?, ?, ?, ?, ?)[0m  [["name", "Alex"], ["age", 22], ["img_url", "www.nicepicture.com/1"], ["email_address", "alex@gmail.com"], ["created_at", "2020-07-07 14:57:00.207282"], ["updated_at", "2020-07-07 14:57:00.207282"]]
  [1m[35m (3.4ms)[0m  [1m[36mcommit transaction[0m
  [1m[35m (0.1ms)[0m  [1m[36mbegin transaction[0m
  [1m[36mHabit Create (0.6ms)[0m  [1m[32mINSERT INTO "habits" ("name", "description", "created_at", "updated_at") VALUES (?, ?, ?, ?)[0m  [["name", "Meditation"], ["description", "A nice habit!"], ["created_at", "2020-07-07 14:57:00.219317"], ["updated_at", "2020-07-07 14:57:00.219317"]]
  [1m[35m (3.1ms)[0m  [1m[36mcommit transaction[0m
  [1m[36mUser Load (0.3ms)[0m  [1m[34mSELECT "users".* FROM "users" ORDER BY "users"."id" ASC LIMIT ?[0m  [["LIMIT", 1]]
  [1m[36mHabit Load (0.8ms)[0m  [1m[34mSELECT "habits".* FROM "habits" ORDER BY "habits"."id" DESC LIMIT ?[0m  [["LIMIT", 1]]
  [1m[35m (0.1ms)[0m  [1m[36mbegin transaction[0m
  [1m[36mUser Load (0.3ms)[0m  [1m[34mSELECT "users".* FROM "users" WHERE "users"."id" = ? LIMIT ?[0m  [["id", 4], ["LIMIT", 1]]
  [1m[36mHabit Load (0.2ms)[0m  [1m[34mSELECT "habits".* FROM "habits" WHERE "habits"."id" = ? LIMIT ?[0m  [["id", 11], ["LIMIT", 1]]
  [1m[36mUserHabit Create (0.3ms)[0m  [1m[32mINSERT INTO "user_habits" ("user_id", "habit_id", "straight_days", "created_at", "updated_at") VALUES (?, ?, ?, ?, ?)[0m  [["user_id", "4"], ["habit_id", "11"], ["straight_days", "0"], ["created_at", "2020-07-07 14:57:00.262725"], ["updated_at", "2020-07-07 14:57:00.262725"]]
  [1m[35m (3.0ms)[0m  [1m[36mcommit transaction[0m
  [1m[35m (0.1ms)[0m  [1m[36mbegin transaction[0m
  [1m[36mHabit Create (0.5ms)[0m  [1m[32mINSERT INTO "habits" ("name", "description", "created_at", "updated_at") VALUES (?, ?, ?, ?)[0m  [["name", "Fasting"], ["description", "A nice habit!"], ["created_at", "2020-07-07 14:57:00.272556"], ["updated_at", "2020-07-07 14:57:00.272556"]]
  [1m[35m (2.1ms)[0m  [1m[36mcommit transaction[0m
  [1m[36mUser Load (0.2ms)[0m  [1m[34mSELECT "users".* FROM "users" ORDER BY "users"."id" ASC LIMIT ?[0m  [["LIMIT", 1]]
  [1m[36mHabit Load (0.2ms)[0m  [1m[34mSELECT "habits".* FROM "habits" ORDER BY "habits"."id" DESC LIMIT ?[0m  [["LIMIT", 1]]
  [1m[35m (0.1ms)[0m  [1m[36mbegin transaction[0m
  [1m[36mUser Load (0.3ms)[0m  [1m[34mSELECT "users".* FROM "users" WHERE "users"."id" = ? LIMIT ?[0m  [["id", 4], ["LIMIT", 1]]
  [1m[36mHabit Load (1.0ms)[0m  [1m[34mSELECT "habits".* FROM "habits" WHERE "habits"."id" = ? LIMIT ?[0m  [["id", 12], ["LIMIT", 1]]
  [1m[36mUserHabit Create (0.6ms)[0m  [1m[32mINSERT INTO "user_habits" ("user_id", "habit_id", "straight_days", "created_at", "updated_at") VALUES (?, ?, ?, ?, ?)[0m  [["user_id", "4"], ["habit_id", "12"], ["straight_days", "0"], ["created_at", "2020-07-07 14:57:00.328349"], ["updated_at", "2020-07-07 14:57:00.328349"]]
  [1m[35m (3.7ms)[0m  [1m[36mcommit transaction[0m
  [1m[35m (0.1ms)[0m  [1m[36mbegin transaction[0m
  [1m[36mHabit Create (1.5ms)[0m  [1m[32mINSERT INTO "habits" ("name", "description", "created_at", "updated_at") VALUES (?, ?, ?, ?)[0m  [["name", "Workout"], ["description", "A nice habit!"], ["created_at", "2020-07-07 14:57:00.337677"], ["updated_at", "2020-07-07 14:57:00.337677"]]
  [1m[35m (207.9ms)[0m  [1m[36mcommit transaction[0m
  [1m[36mUser Load (0.2ms)[0m  [1m[34mSELECT "users".* FROM "users" ORDER BY "users"."id" ASC LIMIT ?[0m  [["LIMIT", 1]]
  [1m[36mHabit Load (0.2ms)[0m  [1m[34mSELECT "habits".* FROM "habits" ORDER BY "habits"."id" DESC LIMIT ?[0m  [["LIMIT", 1]]
  [1m[35m (0.1ms)[0m  [1m[36mbegin transaction[0m
  [1m[36mUser Load (0.3ms)[0m  [1m[34mSELECT "users".* FROM "users" WHERE "users"."id" = ? LIMIT ?[0m  [["id", 4], ["LIMIT", 1]]
  [1m[36mHabit Load (0.1ms)[0m  [1m[34mSELECT "habits".* FROM "habits" WHERE "habits"."id" = ? LIMIT ?[0m  [["id", 13], ["LIMIT", 1]]
  [1m[36mUserHabit Create (0.3ms)[0m  [1m[32mINSERT INTO "user_habits" ("user_id", "habit_id", "straight_days", "created_at", "updated_at") VALUES (?, ?, ?, ?, ?)[0m  [["user_id", "4"], ["habit_id", "13"], ["straight_days", "0"], ["created_at", "2020-07-07 14:57:00.572106"], ["updated_at", "2020-07-07 14:57:00.572106"]]
  [1m[35m (1.9ms)[0m  [1m[36mcommit transaction[0m
  [1m[35m (0.1ms)[0m  [1m[36mbegin transaction[0m
  [1m[36mHabit Create (0.4ms)[0m  [1m[32mINSERT INTO "habits" ("name", "description", "created_at", "updated_at") VALUES (?, ?, ?, ?)[0m  [["name", "Mandarin"], ["description", "A nice habit!"], ["created_at", "2020-07-07 14:57:00.577366"], ["updated_at", "2020-07-07 14:57:00.577366"]]
  [1m[35m (2.8ms)[0m  [1m[36mcommit transaction[0m
  [1m[36mUser Load (0.1ms)[0m  [1m[34mSELECT "users".* FROM "users" ORDER BY "users"."id" ASC LIMIT ?[0m  [["LIMIT", 1]]
  [1m[36mHabit Load (0.1ms)[0m  [1m[34mSELECT "habits".* FROM "habits" ORDER BY "habits"."id" DESC LIMIT ?[0m  [["LIMIT", 1]]
  [1m[35m (0.1ms)[0m  [1m[36mbegin transaction[0m
  [1m[36mUser Load (0.2ms)[0m  [1m[34mSELECT "users".* FROM "users" WHERE "users"."id" = ? LIMIT ?[0m  [["id", 4], ["LIMIT", 1]]
  [1m[36mHabit Load (0.1ms)[0m  [1m[34mSELECT "habits".* FROM "habits" WHERE "habits"."id" = ? LIMIT ?[0m  [["id", 14], ["LIMIT", 1]]
  [1m[36mUserHabit Create (0.3ms)[0m  [1m[32mINSERT INTO "user_habits" ("user_id", "habit_id", "straight_days", "created_at", "updated_at") VALUES (?, ?, ?, ?, ?)[0m  [["user_id", "4"], ["habit_id", "14"], ["straight_days", "0"], ["created_at", "2020-07-07 14:57:00.609661"], ["updated_at", "2020-07-07 14:57:00.609661"]]
  [1m[35m (1.7ms)[0m  [1m[36mcommit transaction[0m
  [1m[35m (0.1ms)[0m  [1m[36mbegin transaction[0m
  [1m[36mHabit Create (0.6ms)[0m  [1m[32mINSERT INTO "habits" ("name", "description", "created_at", "updated_at") VALUES (?, ?, ?, ?)[0m  [["name", "Cooking"], ["description", "A nice habit!"], ["created_at", "2020-07-07 14:57:00.622682"], ["updated_at", "2020-07-07 14:57:00.622682"]]
  [1m[35m (2.2ms)[0m  [1m[36mcommit transaction[0m
  [1m[36mUser Load (0.2ms)[0m  [1m[34mSELECT "users".* FROM "users" ORDER BY "users"."id" ASC LIMIT ?[0m  [["LIMIT", 1]]
  [1m[36mHabit Load (0.1ms)[0m  [1m[34mSELECT "habits".* FROM "habits" ORDER BY "habits"."id" DESC LIMIT ?[0m  [["LIMIT", 1]]
  [1m[35m (0.1ms)[0m  [1m[36mbegin transaction[0m
  [1m[36mUser Load (0.1ms)[0m  [1m[34mSELECT "users".* FROM "users" WHERE "users"."id" = ? LIMIT ?[0m  [["id", 4], ["LIMIT", 1]]
  [1m[36mHabit Load (0.1ms)[0m  [1m[34mSELECT "habits".* FROM "habits" WHERE "habits"."id" = ? LIMIT ?[0m  [["id", 15], ["LIMIT", 1]]
  [1m[36mUserHabit Create (0.8ms)[0m  [1m[32mINSERT INTO "user_habits" ("user_id", "habit_id", "straight_days", "created_at", "updated_at") VALUES (?, ?, ?, ?, ?)[0m  [["user_id", "4"], ["habit_id", "15"], ["straight_days", "0"], ["created_at", "2020-07-07 14:57:00.643594"], ["updated_at", "2020-07-07 14:57:00.643594"]]
  [1m[35m (2.0ms)[0m  [1m[36mcommit transaction[0m
  [1m[36mUser Load (0.3ms)[0m  [1m[34mSELECT "users".* FROM "users" ORDER BY "users"."id" DESC LIMIT ?[0m  [["LIMIT", 1]]
  [1m[36mUser Load (0.1ms)[0m  [1m[34mSELECT "users".* FROM "users" ORDER BY "users"."id" ASC LIMIT ?[0m  [["LIMIT", 1]]
  [1m[35m (0.1ms)[0m  [1m[36mbegin transaction[0m
  [1m[36mUser Load (0.2ms)[0m  [1m[34mSELECT "users".* FROM "users" WHERE "users"."id" = ? LIMIT ?[0m  [["id", 5], ["LIMIT", 1]]
  [1m[36mUser Load (0.1ms)[0m  [1m[34mSELECT "users".* FROM "users" WHERE "users"."id" = ? LIMIT ?[0m  [["id", 4], ["LIMIT", 1]]
  [1m[36mFriendship Create (0.4ms)[0m  [1m[32mINSERT INTO "friendships" ("user_1_id", "user_2_id", "created_at", "updated_at") VALUES (?, ?, ?, ?)[0m  [["user_1_id", 5], ["user_2_id", 4], ["created_at", "2020-07-07 14:57:00.673806"], ["updated_at", "2020-07-07 14:57:00.673806"]]
  [1m[35m (2.2ms)[0m  [1m[36mcommit transaction[0m
  [1m[35m (1.3ms)[0m  [1m[34mSELECT sqlite_version(*)[0m
  [1m[36mUser Load (0.2ms)[0m  [1m[34mSELECT "users".* FROM "users" ORDER BY "users"."id" DESC LIMIT ?[0m  [["LIMIT", 1]]
  [1m[36mFriendship Load (0.2ms)[0m  [1m[34mSELECT "friendships".* FROM "friendships" WHERE "friendships"."user_1_id" = ? LIMIT ?[0m  [["user_1_id", 5], ["LIMIT", 11]]
Started GET "/users/1" for ::1 at 2020-07-07 09:58:56 -0500
  [1m[35m (0.2ms)[0m  [1m[34mSELECT sqlite_version(*)[0m
  [1m[35m (0.8ms)[0m  [1m[34mSELECT "schema_migrations"."version" FROM "schema_migrations" ORDER BY "schema_migrations"."version" ASC[0m
Processing by UsersController#show as HTML
  Parameters: {"id"=>"1"}
  [1m[36mUser Load (0.9ms)[0m  [1m[34mSELECT "users".* FROM "users" WHERE "users"."id" = ? LIMIT ?[0m  [["id", 1], ["LIMIT", 1]]
  ↳ app/controllers/users_controller.rb:3:in `show'
Completed 404 Not Found in 24ms (ActiveRecord: 0.9ms | Allocations: 4471)


  
ActiveRecord::RecordNotFound (Couldn't find User with 'id'=1):
  
app/controllers/users_controller.rb:3:in `show'
Started GET "/favicon.ico" for ::1 at 2020-07-07 09:58:58 -0500
  
ActionController::RoutingError (No route matches [GET] "/favicon.ico"):
  
actionpack (6.0.3.2) lib/action_dispatch/middleware/debug_exceptions.rb:36:in `call'
actionpack (6.0.3.2) lib/action_dispatch/middleware/show_exceptions.rb:33:in `call'
railties (6.0.3.2) lib/rails/rack/logger.rb:37:in `call_app'
railties (6.0.3.2) lib/rails/rack/logger.rb:26:in `block in call'
activesupport (6.0.3.2) lib/active_support/tagged_logging.rb:80:in `block in tagged'
activesupport (6.0.3.2) lib/active_support/tagged_logging.rb:28:in `tagged'
activesupport (6.0.3.2) lib/active_support/tagged_logging.rb:80:in `tagged'
railties (6.0.3.2) lib/rails/rack/logger.rb:26:in `call'
actionpack (6.0.3.2) lib/action_dispatch/middleware/remote_ip.rb:81:in `call'
actionpack (6.0.3.2) lib/action_dispatch/middleware/request_id.rb:27:in `call'
rack (2.2.3) lib/rack/runtime.rb:22:in `call'
activesupport (6.0.3.2) lib/active_support/cache/strategy/local_cache_middleware.rb:29:in `call'
actionpack (6.0.3.2) lib/action_dispatch/middleware/executor.rb:14:in `call'
actionpack (6.0.3.2) lib/action_dispatch/middleware/static.rb:126:in `call'
rack (2.2.3) lib/rack/sendfile.rb:110:in `call'
actionpack (6.0.3.2) lib/action_dispatch/middleware/host_authorization.rb:82:in `call'
rack-cors (1.1.1) lib/rack/cors.rb:100:in `call'
railties (6.0.3.2) lib/rails/engine.rb:527:in `call'
puma (4.3.5) lib/puma/configuration.rb:228:in `call'
puma (4.3.5) lib/puma/server.rb:713:in `handle_request'
puma (4.3.5) lib/puma/server.rb:472:in `process_client'
puma (4.3.5) lib/puma/server.rb:328:in `block in run'
puma (4.3.5) lib/puma/thread_pool.rb:134:in `block in spawn_thread'
  [1m[35m (0.7ms)[0m  [1m[34mSELECT sqlite_version(*)[0m
  [1m[36mUser Load (0.3ms)[0m  [1m[34mSELECT "users".* FROM "users" ORDER BY "users"."id" DESC LIMIT ?[0m  [["LIMIT", 1]]
Started GET "/users/5" for ::1 at 2020-07-07 09:59:32 -0500
Processing by UsersController#show as HTML
  Parameters: {"id"=>"5"}
  [1m[36mUser Load (0.2ms)[0m  [1m[34mSELECT "users".* FROM "users" WHERE "users"."id" = ? LIMIT ?[0m  [["id", 5], ["LIMIT", 1]]
  ↳ app/controllers/users_controller.rb:3:in `show'
[active_model_serializers] Rendered UserSerializer with ActiveModelSerializers::Adapter::Attributes (161.49ms)
Completed 500 Internal Server Error in 277ms (ActiveRecord: 0.2ms | Allocations: 12167)


  
NoMethodError (undefined method `accepted_relatioships' for #<User:0x00007fbcf6a94a38>
Did you mean?  accepted_relationships
               accepted_relationships=
               accepted_relationship_ids
               accepted_relationship_ids=):
  
app/controllers/users_controller.rb:4:in `show'
Started GET "/users/5" for ::1 at 2020-07-07 09:59:47 -0500
Processing by UsersController#show as HTML
  Parameters: {"id"=>"5"}
  [1m[36mUser Load (0.2ms)[0m  [1m[34mSELECT "users".* FROM "users" WHERE "users"."id" = ? LIMIT ?[0m  [["id", 5], ["LIMIT", 1]]
  ↳ app/controllers/users_controller.rb:3:in `show'
[active_model_serializers] Rendered UserSerializer with ActiveModelSerializers::Adapter::Attributes (34.73ms)
Completed 500 Internal Server Error in 37ms (ActiveRecord: 0.2ms | Allocations: 3501)


  
NoMethodError (undefined method `accepted_relatioships' for #<User:0x00007fbcf754b120>
Did you mean?  accepted_relationships
               accepted_relationships=
               accepted_relationship_ids
               accepted_relationship_ids=):
  
app/controllers/users_controller.rb:4:in `show'
Started GET "/users/5" for ::1 at 2020-07-07 10:00:42 -0500
  [1m[35m (0.2ms)[0m  [1m[34mSELECT sqlite_version(*)[0m
Processing by UsersController#show as HTML
  Parameters: {"id"=>"5"}
  [1m[36mUser Load (0.3ms)[0m  [1m[34mSELECT "users".* FROM "users" WHERE "users"."id" = ? LIMIT ?[0m  [["id", 5], ["LIMIT", 1]]
  ↳ app/controllers/users_controller.rb:3:in `show'
[active_model_serializers]   [1m[36mHabit Load (0.3ms)[0m  [1m[34mSELECT "habits".* FROM "habits" INNER JOIN "user_habits" ON "habits"."id" = "user_habits"."habit_id" WHERE "user_habits"."user_id" = ?[0m  [["user_id", "5"]]
[active_model_serializers]   ↳ app/controllers/users_controller.rb:4:in `show'
[active_model_serializers]   [1m[36mUserHabit Load (0.2ms)[0m  [1m[34mSELECT "user_habits".* FROM "user_habits" WHERE "user_habits"."user_id" = ?[0m  [["user_id", "5"]]
[active_model_serializers]   ↳ app/controllers/users_controller.rb:4:in `show'
[active_model_serializers]   [1m[36mFriendship Load (0.3ms)[0m  [1m[34mSELECT "friendships".* FROM "friendships" WHERE "friendships"."user_1_id" = ?[0m  [["user_1_id", 5]]
[active_model_serializers]   ↳ app/controllers/users_controller.rb:4:in `show'
[active_model_serializers]   [1m[36mFriendship Load (0.2ms)[0m  [1m[34mSELECT "friendships".* FROM "friendships" WHERE "friendships"."user_2_id" = ?[0m  [["user_2_id", 5]]
[active_model_serializers]   ↳ app/controllers/users_controller.rb:4:in `show'
[active_model_serializers] Rendered UserSerializer with ActiveModelSerializers::Adapter::Attributes (102.72ms)
Completed 200 OK in 184ms (Views: 117.0ms | ActiveRecord: 8.3ms | Allocations: 21553)


  [1m[36mUser Load (0.5ms)[0m  [1m[34mSELECT "users".* FROM "users" ORDER BY "users"."id" ASC LIMIT ?[0m  [["LIMIT", 1]]
  [1m[36mFriendship Load (0.2ms)[0m  [1m[34mSELECT "friendships".* FROM "friendships" ORDER BY "friendships"."id" ASC LIMIT ?[0m  [["LIMIT", 1]]
Started GET "/users/5" for ::1 at 2020-07-07 10:13:05 -0500
  [1m[35m (0.1ms)[0m  [1m[34mSELECT sqlite_version(*)[0m
Processing by UsersController#show as */*
  Parameters: {"id"=>"5"}
  [1m[36mUser Load (0.3ms)[0m  [1m[34mSELECT "users".* FROM "users" WHERE "users"."id" = ? LIMIT ?[0m  [["id", 5], ["LIMIT", 1]]
  ↳ app/controllers/users_controller.rb:3:in `show'
[active_model_serializers]   [1m[36mHabit Load (0.3ms)[0m  [1m[34mSELECT "habits".* FROM "habits" INNER JOIN "user_habits" ON "habits"."id" = "user_habits"."habit_id" WHERE "user_habits"."user_id" = ?[0m  [["user_id", "5"]]
[active_model_serializers]   ↳ app/controllers/users_controller.rb:4:in `show'
[active_model_serializers]   [1m[36mUserHabit Load (0.2ms)[0m  [1m[34mSELECT "user_habits".* FROM "user_habits" WHERE "user_habits"."user_id" = ?[0m  [["user_id", "5"]]
[active_model_serializers]   ↳ app/controllers/users_controller.rb:4:in `show'
[active_model_serializers]   [1m[36mFriendship Load (0.2ms)[0m  [1m[34mSELECT "friendships".* FROM "friendships" WHERE "friendships"."user_1_id" = ?[0m  [["user_1_id", 5]]
[active_model_serializers]   ↳ app/controllers/users_controller.rb:4:in `show'
[active_model_serializers]   [1m[36mFriendship Load (0.2ms)[0m  [1m[34mSELECT "friendships".* FROM "friendships" WHERE "friendships"."user_2_id" = ?[0m  [["user_2_id", 5]]
[active_model_serializers]   ↳ app/controllers/users_controller.rb:4:in `show'
[active_model_serializers] Rendered UserSerializer with ActiveModelSerializers::Adapter::Attributes (9.06ms)
Completed 200 OK in 12ms (Views: 9.2ms | ActiveRecord: 1.1ms | Allocations: 5526)


Started GET "/users/4" for ::1 at 2020-07-07 10:13:57 -0500
Processing by UsersController#show as */*
  Parameters: {"id"=>"4"}
  [1m[36mUser Load (0.3ms)[0m  [1m[34mSELECT "users".* FROM "users" WHERE "users"."id" = ? LIMIT ?[0m  [["id", 4], ["LIMIT", 1]]
  ↳ app/controllers/users_controller.rb:3:in `show'
[active_model_serializers]   [1m[36mHabit Load (0.5ms)[0m  [1m[34mSELECT "habits".* FROM "habits" INNER JOIN "user_habits" ON "habits"."id" = "user_habits"."habit_id" WHERE "user_habits"."user_id" = ?[0m  [["user_id", "4"]]
[active_model_serializers]   ↳ app/controllers/users_controller.rb:4:in `show'
[active_model_serializers]   [1m[36mUserHabit Load (0.3ms)[0m  [1m[34mSELECT "user_habits".* FROM "user_habits" WHERE "user_habits"."user_id" = ?[0m  [["user_id", "4"]]
[active_model_serializers]   ↳ app/controllers/users_controller.rb:4:in `show'
[active_model_serializers]   [1m[36mFriendship Load (0.1ms)[0m  [1m[34mSELECT "friendships".* FROM "friendships" WHERE "friendships"."user_1_id" = ?[0m  [["user_1_id", 4]]
[active_model_serializers]   ↳ app/controllers/users_controller.rb:4:in `show'
[active_model_serializers]   [1m[36mFriendship Load (0.2ms)[0m  [1m[34mSELECT "friendships".* FROM "friendships" WHERE "friendships"."user_2_id" = ?[0m  [["user_2_id", 4]]
[active_model_serializers]   ↳ app/controllers/users_controller.rb:4:in `show'
[active_model_serializers] Rendered UserSerializer with ActiveModelSerializers::Adapter::Attributes (64.0ms)
Completed 200 OK in 68ms (Views: 63.2ms | ActiveRecord: 2.2ms | Allocations: 13423)


Started GET "/users/4" for ::1 at 2020-07-07 10:17:54 -0500
Processing by UsersController#show as */*
  Parameters: {"id"=>"4"}
  [1m[36mUser Load (1.9ms)[0m  [1m[34mSELECT "users".* FROM "users" WHERE "users"."id" = ? LIMIT ?[0m  [["id", 4], ["LIMIT", 1]]
  ↳ app/controllers/users_controller.rb:3:in `show'
[active_model_serializers]   [1m[36mHabit Load (0.7ms)[0m  [1m[34mSELECT "habits".* FROM "habits" INNER JOIN "user_habits" ON "habits"."id" = "user_habits"."habit_id" WHERE "user_habits"."user_id" = ?[0m  [["user_id", "4"]]
[active_model_serializers]   ↳ app/controllers/users_controller.rb:4:in `show'
[active_model_serializers]   [1m[36mUserHabit Load (0.3ms)[0m  [1m[34mSELECT "user_habits".* FROM "user_habits" WHERE "user_habits"."user_id" = ?[0m  [["user_id", "4"]]
[active_model_serializers]   ↳ app/controllers/users_controller.rb:4:in `show'
[active_model_serializers]   [1m[36mFriendship Load (0.2ms)[0m  [1m[34mSELECT "friendships".* FROM "friendships" WHERE "friendships"."user_1_id" = ?[0m  [["user_1_id", 4]]
[active_model_serializers]   ↳ app/controllers/users_controller.rb:4:in `show'
[active_model_serializers]   [1m[36mFriendship Load (0.2ms)[0m  [1m[34mSELECT "friendships".* FROM "friendships" WHERE "friendships"."user_2_id" = ?[0m  [["user_2_id", 4]]
[active_model_serializers]   ↳ app/controllers/users_controller.rb:4:in `show'
[active_model_serializers] Rendered UserSerializer with ActiveModelSerializers::Adapter::Attributes (62.58ms)
Completed 200 OK in 85ms (Views: 65.8ms | ActiveRecord: 3.3ms | Allocations: 6893)


Started GET "/users/4" for ::1 at 2020-07-07 10:21:19 -0500
Processing by UsersController#show as */*
  Parameters: {"id"=>"4"}
  [1m[36mUser Load (0.3ms)[0m  [1m[34mSELECT "users".* FROM "users" WHERE "users"."id" = ? LIMIT ?[0m  [["id", 4], ["LIMIT", 1]]
  ↳ app/controllers/users_controller.rb:3:in `show'
[active_model_serializers]   [1m[36mHabit Load (0.3ms)[0m  [1m[34mSELECT "habits".* FROM "habits" INNER JOIN "user_habits" ON "habits"."id" = "user_habits"."habit_id" WHERE "user_habits"."user_id" = ?[0m  [["user_id", "4"]]
[active_model_serializers]   ↳ app/controllers/users_controller.rb:4:in `show'
[active_model_serializers]   [1m[36mUserHabit Load (0.4ms)[0m  [1m[34mSELECT "user_habits".* FROM "user_habits" WHERE "user_habits"."user_id" = ?[0m  [["user_id", "4"]]
[active_model_serializers]   ↳ app/controllers/users_controller.rb:4:in `show'
[active_model_serializers]   [1m[36mFriendship Load (0.2ms)[0m  [1m[34mSELECT "friendships".* FROM "friendships" WHERE "friendships"."user_1_id" = ?[0m  [["user_1_id", 4]]
[active_model_serializers]   ↳ app/controllers/users_controller.rb:4:in `show'
[active_model_serializers]   [1m[36mFriendship Load (0.2ms)[0m  [1m[34mSELECT "friendships".* FROM "friendships" WHERE "friendships"."user_2_id" = ?[0m  [["user_2_id", 4]]
[active_model_serializers]   ↳ app/controllers/users_controller.rb:4:in `show'
[active_model_serializers] Rendered UserSerializer with ActiveModelSerializers::Adapter::Attributes (23.36ms)
Completed 200 OK in 27ms (Views: 23.0ms | ActiveRecord: 1.4ms | Allocations: 6896)


Started GET "/users/4" for ::1 at 2020-07-07 10:22:27 -0500
Processing by UsersController#show as */*
  Parameters: {"id"=>"4"}
  [1m[36mUser Load (0.2ms)[0m  [1m[34mSELECT "users".* FROM "users" WHERE "users"."id" = ? LIMIT ?[0m  [["id", 4], ["LIMIT", 1]]
  ↳ app/controllers/users_controller.rb:3:in `show'
[active_model_serializers]   [1m[36mHabit Load (0.3ms)[0m  [1m[34mSELECT "habits".* FROM "habits" INNER JOIN "user_habits" ON "habits"."id" = "user_habits"."habit_id" WHERE "user_habits"."user_id" = ?[0m  [["user_id", "4"]]
[active_model_serializers]   ↳ app/controllers/users_controller.rb:4:in `show'
[active_model_serializers]   [1m[36mUserHabit Load (0.3ms)[0m  [1m[34mSELECT "user_habits".* FROM "user_habits" WHERE "user_habits"."user_id" = ?[0m  [["user_id", "4"]]
[active_model_serializers]   ↳ app/controllers/users_controller.rb:4:in `show'
[active_model_serializers]   [1m[36mFriendship Load (0.2ms)[0m  [1m[34mSELECT "friendships".* FROM "friendships" WHERE "friendships"."user_1_id" = ?[0m  [["user_1_id", 4]]
[active_model_serializers]   ↳ app/controllers/users_controller.rb:4:in `show'
[active_model_serializers]   [1m[36mFriendship Load (0.3ms)[0m  [1m[34mSELECT "friendships".* FROM "friendships" WHERE "friendships"."user_2_id" = ?[0m  [["user_2_id", 4]]
[active_model_serializers]   ↳ app/controllers/users_controller.rb:4:in `show'
[active_model_serializers] Rendered UserSerializer with ActiveModelSerializers::Adapter::Attributes (56.57ms)
Completed 200 OK in 62ms (Views: 57.7ms | ActiveRecord: 1.3ms | Allocations: 6893)


Started GET "/users/4" for ::1 at 2020-07-07 10:22:29 -0500
Processing by UsersController#show as */*
  Parameters: {"id"=>"4"}
  [1m[36mUser Load (0.2ms)[0m  [1m[34mSELECT "users".* FROM "users" WHERE "users"."id" = ? LIMIT ?[0m  [["id", 4], ["LIMIT", 1]]
  ↳ app/controllers/users_controller.rb:3:in `show'
[active_model_serializers]   [1m[36mHabit Load (0.3ms)[0m  [1m[34mSELECT "habits".* FROM "habits" INNER JOIN "user_habits" ON "habits"."id" = "user_habits"."habit_id" WHERE "user_habits"."user_id" = ?[0m  [["user_id", "4"]]
[active_model_serializers]   ↳ app/controllers/users_controller.rb:4:in `show'
[active_model_serializers]   [1m[36mUserHabit Load (0.3ms)[0m  [1m[34mSELECT "user_habits".* FROM "user_habits" WHERE "user_habits"."user_id" = ?[0m  [["user_id", "4"]]
[active_model_serializers]   ↳ app/controllers/users_controller.rb:4:in `show'
[active_model_serializers]   [1m[36mFriendship Load (1.8ms)[0m  [1m[34mSELECT "friendships".* FROM "friendships" WHERE "friendships"."user_1_id" = ?[0m  [["user_1_id", 4]]
[active_model_serializers]   ↳ app/controllers/users_controller.rb:4:in `show'
[active_model_serializers]   [1m[36mFriendship Load (0.2ms)[0m  [1m[34mSELECT "friendships".* FROM "friendships" WHERE "friendships"."user_2_id" = ?[0m  [["user_2_id", 4]]
[active_model_serializers]   ↳ app/controllers/users_controller.rb:4:in `show'
[active_model_serializers] Rendered UserSerializer with ActiveModelSerializers::Adapter::Attributes (35.7ms)
Completed 200 OK in 40ms (Views: 34.1ms | ActiveRecord: 2.8ms | Allocations: 6893)


Started GET "/users/4" for ::1 at 2020-07-07 10:25:28 -0500
Processing by UsersController#show as */*
  Parameters: {"id"=>"4"}
  [1m[36mUser Load (0.2ms)[0m  [1m[34mSELECT "users".* FROM "users" WHERE "users"."id" = ? LIMIT ?[0m  [["id", 4], ["LIMIT", 1]]
  ↳ app/controllers/users_controller.rb:3:in `show'
[active_model_serializers]   [1m[36mHabit Load (0.3ms)[0m  [1m[34mSELECT "habits".* FROM "habits" INNER JOIN "user_habits" ON "habits"."id" = "user_habits"."habit_id" WHERE "user_habits"."user_id" = ?[0m  [["user_id", "4"]]
[active_model_serializers]   ↳ app/controllers/users_controller.rb:4:in `show'
[active_model_serializers]   [1m[36mUserHabit Load (0.3ms)[0m  [1m[34mSELECT "user_habits".* FROM "user_habits" WHERE "user_habits"."user_id" = ?[0m  [["user_id", "4"]]
[active_model_serializers]   ↳ app/controllers/users_controller.rb:4:in `show'
[active_model_serializers]   [1m[36mFriendship Load (0.2ms)[0m  [1m[34mSELECT "friendships".* FROM "friendships" WHERE "friendships"."user_1_id" = ?[0m  [["user_1_id", 4]]
[active_model_serializers]   ↳ app/controllers/users_controller.rb:4:in `show'
[active_model_serializers]   [1m[36mFriendship Load (0.2ms)[0m  [1m[34mSELECT "friendships".* FROM "friendships" WHERE "friendships"."user_2_id" = ?[0m  [["user_2_id", 4]]
[active_model_serializers]   ↳ app/controllers/users_controller.rb:4:in `show'
[active_model_serializers] Rendered UserSerializer with ActiveModelSerializers::Adapter::Attributes (16.67ms)
Completed 200 OK in 19ms (Views: 16.3ms | ActiveRecord: 1.2ms | Allocations: 6893)


Started GET "/users/4" for ::1 at 2020-07-07 10:25:31 -0500
Processing by UsersController#show as */*
  Parameters: {"id"=>"4"}
  [1m[36mUser Load (0.2ms)[0m  [1m[34mSELECT "users".* FROM "users" WHERE "users"."id" = ? LIMIT ?[0m  [["id", 4], ["LIMIT", 1]]
  ↳ app/controllers/users_controller.rb:3:in `show'
[active_model_serializers]   [1m[36mHabit Load (0.3ms)[0m  [1m[34mSELECT "habits".* FROM "habits" INNER JOIN "user_habits" ON "habits"."id" = "user_habits"."habit_id" WHERE "user_habits"."user_id" = ?[0m  [["user_id", "4"]]
[active_model_serializers]   ↳ app/controllers/users_controller.rb:4:in `show'
[active_model_serializers]   [1m[36mUserHabit Load (0.4ms)[0m  [1m[34mSELECT "user_habits".* FROM "user_habits" WHERE "user_habits"."user_id" = ?[0m  [["user_id", "4"]]
[active_model_serializers]   ↳ app/controllers/users_controller.rb:4:in `show'
[active_model_serializers]   [1m[36mFriendship Load (0.2ms)[0m  [1m[34mSELECT "friendships".* FROM "friendships" WHERE "friendships"."user_1_id" = ?[0m  [["user_1_id", 4]]
[active_model_serializers]   ↳ app/controllers/users_controller.rb:4:in `show'
[active_model_serializers]   [1m[36mFriendship Load (0.2ms)[0m  [1m[34mSELECT "friendships".* FROM "friendships" WHERE "friendships"."user_2_id" = ?[0m  [["user_2_id", 4]]
[active_model_serializers]   ↳ app/controllers/users_controller.rb:4:in `show'
[active_model_serializers] Rendered UserSerializer with ActiveModelSerializers::Adapter::Attributes (43.31ms)
Completed 200 OK in 47ms (Views: 43.0ms | ActiveRecord: 1.4ms | Allocations: 6893)


Started GET "/users/4" for ::1 at 2020-07-07 10:25:40 -0500
Processing by UsersController#show as */*
  Parameters: {"id"=>"4"}
  [1m[36mUser Load (0.4ms)[0m  [1m[34mSELECT "users".* FROM "users" WHERE "users"."id" = ? LIMIT ?[0m  [["id", 4], ["LIMIT", 1]]
  ↳ app/controllers/users_controller.rb:3:in `show'
[active_model_serializers]   [1m[36mHabit Load (0.4ms)[0m  [1m[34mSELECT "habits".* FROM "habits" INNER JOIN "user_habits" ON "habits"."id" = "user_habits"."habit_id" WHERE "user_habits"."user_id" = ?[0m  [["user_id", "4"]]
[active_model_serializers]   ↳ app/controllers/users_controller.rb:4:in `show'
[active_model_serializers]   [1m[36mUserHabit Load (0.3ms)[0m  [1m[34mSELECT "user_habits".* FROM "user_habits" WHERE "user_habits"."user_id" = ?[0m  [["user_id", "4"]]
[active_model_serializers]   ↳ app/controllers/users_controller.rb:4:in `show'
[active_model_serializers]   [1m[36mFriendship Load (0.2ms)[0m  [1m[34mSELECT "friendships".* FROM "friendships" WHERE "friendships"."user_1_id" = ?[0m  [["user_1_id", 4]]
[active_model_serializers]   ↳ app/controllers/users_controller.rb:4:in `show'
[active_model_serializers]   [1m[36mFriendship Load (0.5ms)[0m  [1m[34mSELECT "friendships".* FROM "friendships" WHERE "friendships"."user_2_id" = ?[0m  [["user_2_id", 4]]
[active_model_serializers]   ↳ app/controllers/users_controller.rb:4:in `show'
[active_model_serializers] Rendered UserSerializer with ActiveModelSerializers::Adapter::Attributes (29.62ms)
Completed 200 OK in 33ms (Views: 29.1ms | ActiveRecord: 1.8ms | Allocations: 6896)


Started GET "/users/4" for ::1 at 2020-07-07 10:29:08 -0500
Processing by UsersController#show as */*
  Parameters: {"id"=>"4"}
  [1m[36mUser Load (0.4ms)[0m  [1m[34mSELECT "users".* FROM "users" WHERE "users"."id" = ? LIMIT ?[0m  [["id", 4], ["LIMIT", 1]]
  ↳ app/controllers/users_controller.rb:3:in `show'
[active_model_serializers]   [1m[36mHabit Load (1.5ms)[0m  [1m[34mSELECT "habits".* FROM "habits" INNER JOIN "user_habits" ON "habits"."id" = "user_habits"."habit_id" WHERE "user_habits"."user_id" = ?[0m  [["user_id", "4"]]
[active_model_serializers]   ↳ app/controllers/users_controller.rb:4:in `show'
[active_model_serializers]   [1m[36mUserHabit Load (0.3ms)[0m  [1m[34mSELECT "user_habits".* FROM "user_habits" WHERE "user_habits"."user_id" = ?[0m  [["user_id", "4"]]
[active_model_serializers]   ↳ app/controllers/users_controller.rb:4:in `show'
[active_model_serializers]   [1m[36mFriendship Load (0.2ms)[0m  [1m[34mSELECT "friendships".* FROM "friendships" WHERE "friendships"."user_1_id" = ?[0m  [["user_1_id", 4]]
[active_model_serializers]   ↳ app/controllers/users_controller.rb:4:in `show'
[active_model_serializers]   [1m[36mFriendship Load (0.2ms)[0m  [1m[34mSELECT "friendships".* FROM "friendships" WHERE "friendships"."user_2_id" = ?[0m  [["user_2_id", 4]]
[active_model_serializers]   ↳ app/controllers/users_controller.rb:4:in `show'
[active_model_serializers] Rendered UserSerializer with ActiveModelSerializers::Adapter::Attributes (21.39ms)
Completed 200 OK in 25ms (Views: 19.9ms | ActiveRecord: 2.7ms | Allocations: 6893)


Started GET "/users/4" for ::1 at 2020-07-07 10:29:15 -0500
Processing by UsersController#show as */*
  Parameters: {"id"=>"4"}
  [1m[36mUser Load (0.2ms)[0m  [1m[34mSELECT "users".* FROM "users" WHERE "users"."id" = ? LIMIT ?[0m  [["id", 4], ["LIMIT", 1]]
  ↳ app/controllers/users_controller.rb:3:in `show'
[active_model_serializers]   [1m[36mHabit Load (0.3ms)[0m  [1m[34mSELECT "habits".* FROM "habits" INNER JOIN "user_habits" ON "habits"."id" = "user_habits"."habit_id" WHERE "user_habits"."user_id" = ?[0m  [["user_id", "4"]]
[active_model_serializers]   ↳ app/controllers/users_controller.rb:4:in `show'
[active_model_serializers]   [1m[36mUserHabit Load (0.3ms)[0m  [1m[34mSELECT "user_habits".* FROM "user_habits" WHERE "user_habits"."user_id" = ?[0m  [["user_id", "4"]]
[active_model_serializers]   ↳ app/controllers/users_controller.rb:4:in `show'
[active_model_serializers]   [1m[36mFriendship Load (0.2ms)[0m  [1m[34mSELECT "friendships".* FROM "friendships" WHERE "friendships"."user_1_id" = ?[0m  [["user_1_id", 4]]
[active_model_serializers]   ↳ app/controllers/users_controller.rb:4:in `show'
[active_model_serializers]   [1m[36mFriendship Load (0.2ms)[0m  [1m[34mSELECT "friendships".* FROM "friendships" WHERE "friendships"."user_2_id" = ?[0m  [["user_2_id", 4]]
[active_model_serializers]   ↳ app/controllers/users_controller.rb:4:in `show'
[active_model_serializers] Rendered UserSerializer with ActiveModelSerializers::Adapter::Attributes (20.54ms)
Completed 200 OK in 24ms (Views: 20.5ms | ActiveRecord: 1.2ms | Allocations: 6894)


Started GET "/users/4" for ::1 at 2020-07-07 10:30:27 -0500
Processing by UsersController#show as */*
  Parameters: {"id"=>"4"}
  [1m[36mUser Load (1.4ms)[0m  [1m[34mSELECT "users".* FROM "users" WHERE "users"."id" = ? LIMIT ?[0m  [["id", 4], ["LIMIT", 1]]
  ↳ app/controllers/users_controller.rb:3:in `show'
[active_model_serializers]   [1m[36mHabit Load (0.3ms)[0m  [1m[34mSELECT "habits".* FROM "habits" INNER JOIN "user_habits" ON "habits"."id" = "user_habits"."habit_id" WHERE "user_habits"."user_id" = ?[0m  [["user_id", "4"]]
[active_model_serializers]   ↳ app/controllers/users_controller.rb:4:in `show'
[active_model_serializers]   [1m[36mUserHabit Load (0.3ms)[0m  [1m[34mSELECT "user_habits".* FROM "user_habits" WHERE "user_habits"."user_id" = ?[0m  [["user_id", "4"]]
[active_model_serializers]   ↳ app/controllers/users_controller.rb:4:in `show'
[active_model_serializers]   [1m[36mFriendship Load (0.3ms)[0m  [1m[34mSELECT "friendships".* FROM "friendships" WHERE "friendships"."user_1_id" = ?[0m  [["user_1_id", 4]]
[active_model_serializers]   ↳ app/controllers/users_controller.rb:4:in `show'
[active_model_serializers]   [1m[36mFriendship Load (0.2ms)[0m  [1m[34mSELECT "friendships".* FROM "friendships" WHERE "friendships"."user_2_id" = ?[0m  [["user_2_id", 4]]
[active_model_serializers]   ↳ app/controllers/users_controller.rb:4:in `show'
[active_model_serializers] Rendered UserSerializer with ActiveModelSerializers::Adapter::Attributes (90.43ms)
Completed 200 OK in 95ms (Views: 90.2ms | ActiveRecord: 2.6ms | Allocations: 6896)


Started GET "/users/4" for ::1 at 2020-07-07 10:43:15 -0500
  [1m[35m (0.3ms)[0m  [1m[34mSELECT sqlite_version(*)[0m
Processing by UsersController#show as HTML
  Parameters: {"id"=>"4"}
  [1m[36mUser Load (0.7ms)[0m  [1m[34mSELECT "users".* FROM "users" WHERE "users"."id" = ? LIMIT ?[0m  [["id", 4], ["LIMIT", 1]]
  ↳ app/controllers/users_controller.rb:3:in `show'
[active_model_serializers]   [1m[36mHabit Load (0.3ms)[0m  [1m[34mSELECT "habits".* FROM "habits" INNER JOIN "user_habits" ON "habits"."id" = "user_habits"."habit_id" WHERE "user_habits"."user_id" = ?[0m  [["user_id", "4"]]
[active_model_serializers]   ↳ app/controllers/users_controller.rb:4:in `show'
[active_model_serializers]   [1m[36mUserHabit Load (0.9ms)[0m  [1m[34mSELECT "user_habits".* FROM "user_habits" WHERE "user_habits"."user_id" = ?[0m  [["user_id", "4"]]
[active_model_serializers]   ↳ app/controllers/users_controller.rb:4:in `show'
[active_model_serializers]   [1m[36mFriendship Load (0.4ms)[0m  [1m[34mSELECT "friendships".* FROM "friendships" WHERE "friendships"."user_1_id" = ?[0m  [["user_1_id", 4]]
[active_model_serializers]   ↳ app/controllers/users_controller.rb:4:in `show'
[active_model_serializers]   [1m[36mFriendship Load (0.2ms)[0m  [1m[34mSELECT "friendships".* FROM "friendships" WHERE "friendships"."user_2_id" = ?[0m  [["user_2_id", 4]]
[active_model_serializers]   ↳ app/controllers/users_controller.rb:4:in `show'
[active_model_serializers] Rendered UserSerializer with ActiveModelSerializers::Adapter::Attributes (92.92ms)
Completed 200 OK in 150ms (Views: 100.1ms | ActiveRecord: 2.5ms | Allocations: 28160)


Started GET "/users/4" for ::1 at 2020-07-07 10:43:31 -0500
Processing by UsersController#show as */*
  Parameters: {"id"=>"4"}
  [1m[36mUser Load (0.2ms)[0m  [1m[34mSELECT "users".* FROM "users" WHERE "users"."id" = ? LIMIT ?[0m  [["id", 4], ["LIMIT", 1]]
  ↳ app/controllers/users_controller.rb:3:in `show'
[active_model_serializers]   [1m[36mHabit Load (0.3ms)[0m  [1m[34mSELECT "habits".* FROM "habits" INNER JOIN "user_habits" ON "habits"."id" = "user_habits"."habit_id" WHERE "user_habits"."user_id" = ?[0m  [["user_id", "4"]]
[active_model_serializers]   ↳ app/controllers/users_controller.rb:4:in `show'
[active_model_serializers]   [1m[36mUserHabit Load (0.6ms)[0m  [1m[34mSELECT "user_habits".* FROM "user_habits" WHERE "user_habits"."user_id" = ?[0m  [["user_id", "4"]]
[active_model_serializers]   ↳ app/controllers/users_controller.rb:4:in `show'
[active_model_serializers]   [1m[36mFriendship Load (0.2ms)[0m  [1m[34mSELECT "friendships".* FROM "friendships" WHERE "friendships"."user_1_id" = ?[0m  [["user_1_id", 4]]
[active_model_serializers]   ↳ app/controllers/users_controller.rb:4:in `show'
[active_model_serializers]   [1m[36mFriendship Load (0.2ms)[0m  [1m[34mSELECT "friendships".* FROM "friendships" WHERE "friendships"."user_2_id" = ?[0m  [["user_2_id", 4]]
[active_model_serializers]   ↳ app/controllers/users_controller.rb:4:in `show'
[active_model_serializers] Rendered UserSerializer with ActiveModelSerializers::Adapter::Attributes (27.72ms)
Completed 200 OK in 31ms (Views: 27.2ms | ActiveRecord: 1.5ms | Allocations: 6893)


Started POST "/users/4" for ::1 at 2020-07-07 10:43:38 -0500
  
ActionController::RoutingError (No route matches [POST] "/users/4"):
  
actionpack (6.0.3.2) lib/action_dispatch/middleware/debug_exceptions.rb:36:in `call'
actionpack (6.0.3.2) lib/action_dispatch/middleware/show_exceptions.rb:33:in `call'
railties (6.0.3.2) lib/rails/rack/logger.rb:37:in `call_app'
railties (6.0.3.2) lib/rails/rack/logger.rb:26:in `block in call'
activesupport (6.0.3.2) lib/active_support/tagged_logging.rb:80:in `block in tagged'
activesupport (6.0.3.2) lib/active_support/tagged_logging.rb:28:in `tagged'
activesupport (6.0.3.2) lib/active_support/tagged_logging.rb:80:in `tagged'
railties (6.0.3.2) lib/rails/rack/logger.rb:26:in `call'
actionpack (6.0.3.2) lib/action_dispatch/middleware/remote_ip.rb:81:in `call'
actionpack (6.0.3.2) lib/action_dispatch/middleware/request_id.rb:27:in `call'
rack (2.2.3) lib/rack/runtime.rb:22:in `call'
activesupport (6.0.3.2) lib/active_support/cache/strategy/local_cache_middleware.rb:29:in `call'
actionpack (6.0.3.2) lib/action_dispatch/middleware/executor.rb:14:in `call'
actionpack (6.0.3.2) lib/action_dispatch/middleware/static.rb:126:in `call'
rack (2.2.3) lib/rack/sendfile.rb:110:in `call'
actionpack (6.0.3.2) lib/action_dispatch/middleware/host_authorization.rb:82:in `call'
rack-cors (1.1.1) lib/rack/cors.rb:100:in `call'
railties (6.0.3.2) lib/rails/engine.rb:527:in `call'
puma (4.3.5) lib/puma/configuration.rb:228:in `call'
puma (4.3.5) lib/puma/server.rb:713:in `handle_request'
puma (4.3.5) lib/puma/server.rb:472:in `process_client'
puma (4.3.5) lib/puma/server.rb:328:in `block in run'
puma (4.3.5) lib/puma/thread_pool.rb:134:in `block in spawn_thread'
Started GET "/users/4" for ::1 at 2020-07-07 10:44:09 -0500
Processing by UsersController#show as */*
  Parameters: {"id"=>"4"}
  [1m[36mUser Load (0.2ms)[0m  [1m[34mSELECT "users".* FROM "users" WHERE "users"."id" = ? LIMIT ?[0m  [["id", 4], ["LIMIT", 1]]
  ↳ app/controllers/users_controller.rb:3:in `show'
[active_model_serializers]   [1m[36mHabit Load (0.9ms)[0m  [1m[34mSELECT "habits".* FROM "habits" INNER JOIN "user_habits" ON "habits"."id" = "user_habits"."habit_id" WHERE "user_habits"."user_id" = ?[0m  [["user_id", "4"]]
[active_model_serializers]   ↳ app/controllers/users_controller.rb:4:in `show'
[active_model_serializers]   [1m[36mUserHabit Load (0.4ms)[0m  [1m[34mSELECT "user_habits".* FROM "user_habits" WHERE "user_habits"."user_id" = ?[0m  [["user_id", "4"]]
[active_model_serializers]   ↳ app/controllers/users_controller.rb:4:in `show'
[active_model_serializers]   [1m[36mFriendship Load (0.2ms)[0m  [1m[34mSELECT "friendships".* FROM "friendships" WHERE "friendships"."user_1_id" = ?[0m  [["user_1_id", 4]]
[active_model_serializers]   ↳ app/controllers/users_controller.rb:4:in `show'
[active_model_serializers]   [1m[36mFriendship Load (0.2ms)[0m  [1m[34mSELECT "friendships".* FROM "friendships" WHERE "friendships"."user_2_id" = ?[0m  [["user_2_id", 4]]
[active_model_serializers]   ↳ app/controllers/users_controller.rb:4:in `show'
[active_model_serializers] Rendered UserSerializer with ActiveModelSerializers::Adapter::Attributes (40.31ms)
Completed 200 OK in 45ms (Views: 39.4ms | ActiveRecord: 1.9ms | Allocations: 6892)


Started POST "/habits" for ::1 at 2020-07-07 10:44:14 -0500
Processing by HabitsController#create as */*
  Parameters: {"name"=>"Cooking ", "description"=>"lots of cooking", "habit"=>{"name"=>"Cooking ", "description"=>"lots of cooking"}}
  [1m[35m (0.5ms)[0m  [1m[36mbegin transaction[0m
  ↳ app/controllers/habits_controller.rb:3:in `create'
  [1m[36mHabit Create (4.0ms)[0m  [1m[32mINSERT INTO "habits" ("name", "description", "created_at", "updated_at") VALUES (?, ?, ?, ?)[0m  [["name", "Cooking "], ["description", "lots of cooking"], ["created_at", "2020-07-07 15:44:14.567732"], ["updated_at", "2020-07-07 15:44:14.567732"]]
  ↳ app/controllers/habits_controller.rb:3:in `create'
  [1m[35m (21.3ms)[0m  [1m[36mcommit transaction[0m
  ↳ app/controllers/habits_controller.rb:3:in `create'
  [1m[35m (0.1ms)[0m  [1m[36mbegin transaction[0m
  ↳ app/controllers/habits_controller.rb:4:in `create'
  [1m[36mUser Load (0.2ms)[0m  [1m[34mSELECT "users".* FROM "users" WHERE "users"."id" = ? LIMIT ?[0m  [["id", 4], ["LIMIT", 1]]
  ↳ app/controllers/habits_controller.rb:4:in `create'
  [1m[36mHabit Load (0.2ms)[0m  [1m[34mSELECT "habits".* FROM "habits" WHERE "habits"."id" = ? LIMIT ?[0m  [["id", 16], ["LIMIT", 1]]
  ↳ app/controllers/habits_controller.rb:4:in `create'
  [1m[36mUserHabit Create (0.4ms)[0m  [1m[32mINSERT INTO "user_habits" ("user_id", "habit_id", "created_at", "updated_at") VALUES (?, ?, ?, ?)[0m  [["user_id", "4"], ["habit_id", "16"], ["created_at", "2020-07-07 15:44:14.649220"], ["updated_at", "2020-07-07 15:44:14.649220"]]
  ↳ app/controllers/habits_controller.rb:4:in `create'
  [1m[35m (18.6ms)[0m  [1m[36mcommit transaction[0m
  ↳ app/controllers/habits_controller.rb:4:in `create'
Completed 204 No Content in 120ms (ActiveRecord: 45.3ms | Allocations: 7483)


Started GET "/users/4" for ::1 at 2020-07-07 10:45:00 -0500
  [1m[35m (0.1ms)[0m  [1m[34mSELECT sqlite_version(*)[0m
Processing by UsersController#show as */*
  Parameters: {"id"=>"4"}
  [1m[36mUser Load (0.1ms)[0m  [1m[34mSELECT "users".* FROM "users" WHERE "users"."id" = ? LIMIT ?[0m  [["id", 4], ["LIMIT", 1]]
  ↳ app/controllers/users_controller.rb:3:in `show'
[active_model_serializers]   [1m[36mHabit Load (0.4ms)[0m  [1m[34mSELECT "habits".* FROM "habits" INNER JOIN "user_habits" ON "habits"."id" = "user_habits"."habit_id" WHERE "user_habits"."user_id" = ?[0m  [["user_id", "4"]]
[active_model_serializers]   ↳ app/controllers/users_controller.rb:4:in `show'
[active_model_serializers]   [1m[36mUserHabit Load (0.3ms)[0m  [1m[34mSELECT "user_habits".* FROM "user_habits" WHERE "user_habits"."user_id" = ?[0m  [["user_id", "4"]]
[active_model_serializers]   ↳ app/controllers/users_controller.rb:4:in `show'
[active_model_serializers]   [1m[36mFriendship Load (0.3ms)[0m  [1m[34mSELECT "friendships".* FROM "friendships" WHERE "friendships"."user_1_id" = ?[0m  [["user_1_id", 4]]
[active_model_serializers]   ↳ app/controllers/users_controller.rb:4:in `show'
[active_model_serializers]   [1m[36mFriendship Load (0.5ms)[0m  [1m[34mSELECT "friendships".* FROM "friendships" WHERE "friendships"."user_2_id" = ?[0m  [["user_2_id", 4]]
[active_model_serializers]   ↳ app/controllers/users_controller.rb:4:in `show'
[active_model_serializers] Rendered UserSerializer with ActiveModelSerializers::Adapter::Attributes (255.55ms)
Completed 200 OK in 376ms (Views: 269.4ms | ActiveRecord: 15.2ms | Allocations: 29714)


Started GET "/users/4" for ::1 at 2020-07-07 10:45:15 -0500
  [1m[35m (0.2ms)[0m  [1m[34mSELECT sqlite_version(*)[0m
Processing by UsersController#show as */*
  Parameters: {"id"=>"4"}
  [1m[36mUser Load (0.3ms)[0m  [1m[34mSELECT "users".* FROM "users" WHERE "users"."id" = ? LIMIT ?[0m  [["id", 4], ["LIMIT", 1]]
  ↳ app/controllers/users_controller.rb:3:in `show'
[active_model_serializers]   [1m[36mHabit Load (1.1ms)[0m  [1m[34mSELECT "habits".* FROM "habits" INNER JOIN "user_habits" ON "habits"."id" = "user_habits"."habit_id" WHERE "user_habits"."user_id" = ?[0m  [["user_id", "4"]]
[active_model_serializers]   ↳ app/controllers/users_controller.rb:4:in `show'
[active_model_serializers]   [1m[36mUserHabit Load (0.3ms)[0m  [1m[34mSELECT "user_habits".* FROM "user_habits" WHERE "user_habits"."user_id" = ?[0m  [["user_id", "4"]]
[active_model_serializers]   ↳ app/controllers/users_controller.rb:4:in `show'
[active_model_serializers]   [1m[36mFriendship Load (0.5ms)[0m  [1m[34mSELECT "friendships".* FROM "friendships" WHERE "friendships"."user_1_id" = ?[0m  [["user_1_id", 4]]
[active_model_serializers]   ↳ app/controllers/users_controller.rb:4:in `show'
[active_model_serializers]   [1m[36mFriendship Load (0.3ms)[0m  [1m[34mSELECT "friendships".* FROM "friendships" WHERE "friendships"."user_2_id" = ?[0m  [["user_2_id", 4]]
[active_model_serializers]   ↳ app/controllers/users_controller.rb:4:in `show'
[active_model_serializers] Rendered UserSerializer with ActiveModelSerializers::Adapter::Attributes (166.62ms)
Completed 200 OK in 279ms (Views: 197.8ms | ActiveRecord: 9.9ms | Allocations: 29680)


Started POST "/habits" for ::1 at 2020-07-07 10:45:22 -0500
Processing by HabitsController#create as */*
  Parameters: {"name"=>"Cooking ", "description"=>"lots of cooking", "habit"=>{"name"=>"Cooking ", "description"=>"lots of cooking"}}
  [1m[35m (0.1ms)[0m  [1m[36mbegin transaction[0m
  ↳ app/controllers/habits_controller.rb:3:in `create'
  [1m[36mHabit Create (0.8ms)[0m  [1m[32mINSERT INTO "habits" ("name", "description", "created_at", "updated_at") VALUES (?, ?, ?, ?)[0m  [["name", "Cooking "], ["description", "lots of cooking"], ["created_at", "2020-07-07 15:45:22.184775"], ["updated_at", "2020-07-07 15:45:22.184775"]]
  ↳ app/controllers/habits_controller.rb:3:in `create'
  [1m[35m (2.5ms)[0m  [1m[36mcommit transaction[0m
  ↳ app/controllers/habits_controller.rb:3:in `create'
  [1m[35m (0.2ms)[0m  [1m[36mbegin transaction[0m
  ↳ app/controllers/habits_controller.rb:4:in `create'
  [1m[36mUser Load (0.2ms)[0m  [1m[34mSELECT "users".* FROM "users" WHERE "users"."id" = ? LIMIT ?[0m  [["id", 4], ["LIMIT", 1]]
  ↳ app/controllers/habits_controller.rb:4:in `create'
  [1m[36mHabit Load (0.2ms)[0m  [1m[34mSELECT "habits".* FROM "habits" WHERE "habits"."id" = ? LIMIT ?[0m  [["id", 17], ["LIMIT", 1]]
  ↳ app/controllers/habits_controller.rb:4:in `create'
  [1m[36mUserHabit Create (0.5ms)[0m  [1m[32mINSERT INTO "user_habits" ("user_id", "habit_id", "created_at", "updated_at") VALUES (?, ?, ?, ?)[0m  [["user_id", "4"], ["habit_id", "17"], ["created_at", "2020-07-07 15:45:22.203743"], ["updated_at", "2020-07-07 15:45:22.203743"]]
  ↳ app/controllers/habits_controller.rb:4:in `create'
  [1m[35m (19.7ms)[0m  [1m[36mcommit transaction[0m
  ↳ app/controllers/habits_controller.rb:4:in `create'
[active_model_serializers] Rendered UserHabitSerializer with ActiveModelSerializers::Adapter::Attributes (1.89ms)
Completed 200 OK in 64ms (Views: 19.9ms | ActiveRecord: 24.3ms | Allocations: 7989)


  [1m[36mUserHabit Load (0.3ms)[0m  [1m[34mSELECT "user_habits".* FROM "user_habits" ORDER BY "user_habits"."id" DESC LIMIT ?[0m  [["LIMIT", 1]]
Started GET "/users/4" for ::1 at 2020-07-07 10:47:47 -0500
  [1m[35m (0.1ms)[0m  [1m[34mSELECT sqlite_version(*)[0m
Processing by UsersController#show as */*
  Parameters: {"id"=>"4"}
  [1m[36mUser Load (0.3ms)[0m  [1m[34mSELECT "users".* FROM "users" WHERE "users"."id" = ? LIMIT ?[0m  [["id", 4], ["LIMIT", 1]]
  ↳ app/controllers/users_controller.rb:3:in `show'
[active_model_serializers]   [1m[36mHabit Load (0.3ms)[0m  [1m[34mSELECT "habits".* FROM "habits" INNER JOIN "user_habits" ON "habits"."id" = "user_habits"."habit_id" WHERE "user_habits"."user_id" = ?[0m  [["user_id", "4"]]
[active_model_serializers]   ↳ app/controllers/users_controller.rb:4:in `show'
[active_model_serializers]   [1m[36mUserHabit Load (0.5ms)[0m  [1m[34mSELECT "user_habits".* FROM "user_habits" WHERE "user_habits"."user_id" = ?[0m  [["user_id", "4"]]
[active_model_serializers]   ↳ app/controllers/users_controller.rb:4:in `show'
[active_model_serializers]   [1m[36mFriendship Load (0.4ms)[0m  [1m[34mSELECT "friendships".* FROM "friendships" WHERE "friendships"."user_1_id" = ?[0m  [["user_1_id", 4]]
[active_model_serializers]   ↳ app/controllers/users_controller.rb:4:in `show'
[active_model_serializers]   [1m[36mFriendship Load (0.4ms)[0m  [1m[34mSELECT "friendships".* FROM "friendships" WHERE "friendships"."user_2_id" = ?[0m  [["user_2_id", 4]]
[active_model_serializers]   ↳ app/controllers/users_controller.rb:4:in `show'
[active_model_serializers] Rendered UserSerializer with ActiveModelSerializers::Adapter::Attributes (186.61ms)
Completed 200 OK in 313ms (Views: 192.0ms | ActiveRecord: 9.6ms | Allocations: 29983)


Started POST "/habits" for ::1 at 2020-07-07 10:48:01 -0500
Processing by HabitsController#create as */*
  Parameters: {"name"=>"Pacing", "description"=>"lots of pacing", "habit"=>{"name"=>"Pacing", "description"=>"lots of pacing"}}
  [1m[35m (0.1ms)[0m  [1m[36mbegin transaction[0m
  ↳ app/controllers/habits_controller.rb:3:in `create'
  [1m[36mHabit Create (0.4ms)[0m  [1m[32mINSERT INTO "habits" ("name", "description", "created_at", "updated_at") VALUES (?, ?, ?, ?)[0m  [["name", "Pacing"], ["description", "lots of pacing"], ["created_at", "2020-07-07 15:48:01.512714"], ["updated_at", "2020-07-07 15:48:01.512714"]]
  ↳ app/controllers/habits_controller.rb:3:in `create'
  [1m[35m (41.9ms)[0m  [1m[36mcommit transaction[0m
  ↳ app/controllers/habits_controller.rb:3:in `create'
  [1m[35m (0.1ms)[0m  [1m[36mbegin transaction[0m
  ↳ app/controllers/habits_controller.rb:4:in `create'
  [1m[36mUser Load (0.2ms)[0m  [1m[34mSELECT "users".* FROM "users" WHERE "users"."id" = ? LIMIT ?[0m  [["id", 4], ["LIMIT", 1]]
  ↳ app/controllers/habits_controller.rb:4:in `create'
  [1m[36mHabit Load (0.2ms)[0m  [1m[34mSELECT "habits".* FROM "habits" WHERE "habits"."id" = ? LIMIT ?[0m  [["id", 18], ["LIMIT", 1]]
  ↳ app/controllers/habits_controller.rb:4:in `create'
  [1m[36mUserHabit Create (0.4ms)[0m  [1m[32mINSERT INTO "user_habits" ("user_id", "habit_id", "straight_days", "created_at", "updated_at") VALUES (?, ?, ?, ?, ?)[0m  [["user_id", "4"], ["habit_id", "18"], ["straight_days", "0"], ["created_at", "2020-07-07 15:48:01.566316"], ["updated_at", "2020-07-07 15:48:01.566316"]]
  ↳ app/controllers/habits_controller.rb:4:in `create'
  [1m[35m (20.1ms)[0m  [1m[36mcommit transaction[0m
  ↳ app/controllers/habits_controller.rb:4:in `create'
[active_model_serializers] Rendered UserHabitSerializer with ActiveModelSerializers::Adapter::Attributes (0.85ms)
Completed 200 OK in 113ms (Views: 35.1ms | ActiveRecord: 63.3ms | Allocations: 7974)


